<?xml version="1.0" encoding="UTF-8"?>
<testsuite name="com.excilys.formation.persistence.computerdao.computerdaoimpl.ComputerRepositoryTest" time="0.065" tests="1" errors="1" skipped="0" failures="0">
  <properties>
[...]
</properties>
  <testcase name="findById_ShouldReturnOneComputerEntry" classname="com.excilys.formation.persistence.computerdao.computerdaoimpl.ComputerRepositoryTest" time="0.065">
    <error message="computer.COMPANYID -  (Non-uppercase input column: companyId) in ColumnNameToIndexes cache map. Note that the map&apos;s column names are NOT case sensitive." type="org.dbunit.dataset.NoSuchColumnException">org.dbunit.dataset.NoSuchColumnException: computer.COMPANYID -  (Non-uppercase input column: companyId) in ColumnNameToIndexes cache map. Note that the map's column names are NOT case sensitive.
	at org.dbunit.dataset.AbstractTableMetaData.getColumnIndex(AbstractTableMetaData.java:117)
	at org.dbunit.operation.AbstractOperation.getOperationMetaData(AbstractOperation.java:89)
	at org.dbunit.operation.AbstractBatchOperation.execute(AbstractBatchOperation.java:144)
	at org.dbunit.operation.CompositeOperation.execute(CompositeOperation.java:79)
	at com.github.springtestdbunit.DbUnitRunner.setupOrTeardown(DbUnitRunner.java:194)
	at com.github.springtestdbunit.DbUnitRunner.beforeTestMethod(DbUnitRunner.java:66)
	at com.github.springtestdbunit.DbUnitTestExecutionListener.beforeTestMethod(DbUnitTestExecutionListener.java:186)
	at org.springframework.test.context.TestContextManager.beforeTestMethod(TestContextManager.java:269)
	at org.springframework.test.context.junit4.statements.RunBeforeTestMethodCallbacks.evaluate(RunBeforeTestMethodCallbacks.java:74)
	at org.springframework.test.context.junit4.statements.RunAfterTestMethodCallbacks.evaluate(RunAfterTestMethodCallbacks.java:86)
	at org.springframework.test.context.junit4.statements.SpringRepeat.evaluate(SpringRepeat.java:84)
	at org.junit.runners.ParentRunner.runLeaf(ParentRunner.java:325)
	at org.springframework.test.context.junit4.SpringJUnit4ClassRunner.runChild(SpringJUnit4ClassRunner.java:252)
	at org.springframework.test.context.junit4.SpringJUnit4ClassRunner.runChild(SpringJUnit4ClassRunner.java:94)
	at org.junit.runners.ParentRunner$3.run(ParentRunner.java:290)
	at org.junit.runners.ParentRunner$1.schedule(ParentRunner.java:71)
	at org.junit.runners.ParentRunner.runChildren(ParentRunner.java:288)
	at org.junit.runners.ParentRunner.access$000(ParentRunner.java:58)
	at org.junit.runners.ParentRunner$2.evaluate(ParentRunner.java:268)
	at org.springframework.test.context.junit4.statements.RunBeforeTestClassCallbacks.evaluate(RunBeforeTestClassCallbacks.java:61)
	at org.springframework.test.context.junit4.statements.RunAfterTestClassCallbacks.evaluate(RunAfterTestClassCallbacks.java:70)
	at org.junit.runners.ParentRunner.run(ParentRunner.java:363)
	at org.springframework.test.context.junit4.SpringJUnit4ClassRunner.run(SpringJUnit4ClassRunner.java:191)
	at org.apache.maven.surefire.junit4.JUnit4Provider.execute(JUnit4Provider.java:264)
	at org.apache.maven.surefire.junit4.JUnit4Provider.executeTestSet(JUnit4Provider.java:153)
	at org.apache.maven.surefire.junit4.JUnit4Provider.invoke(JUnit4Provider.java:124)
	at org.apache.maven.surefire.booter.ForkedBooter.invokeProviderInSameClassLoader(ForkedBooter.java:200)
	at org.apache.maven.surefire.booter.ForkedBooter.runSuitesInProcess(ForkedBooter.java:153)
	at org.apache.maven.surefire.booter.ForkedBooter.main(ForkedBooter.java:103)
</error>
    <system-out><![CDATA[15:32:22.548 [main] DEBUG o.s.t.c.j.SpringJUnit4ClassRunner - SpringJUnit4ClassRunner constructor called with [class com.excilys.formation.persistence.computerdao.computerdaoimpl.ComputerRepositoryTest]
15:32:22.554 [main] DEBUG o.s.test.context.BootstrapUtils - Instantiating CacheAwareContextLoaderDelegate from class [org.springframework.test.context.cache.DefaultCacheAwareContextLoaderDelegate]
15:32:22.560 [main] DEBUG o.s.test.context.BootstrapUtils - Instantiating BootstrapContext using constructor [public org.springframework.test.context.support.DefaultBootstrapContext(java.lang.Class,org.springframework.test.context.CacheAwareContextLoaderDelegate)]
15:32:22.565 [main] DEBUG o.s.test.context.BootstrapUtils - Instantiating TestContextBootstrapper for test class [com.excilys.formation.persistence.computerdao.computerdaoimpl.ComputerRepositoryTest] from class [org.springframework.test.context.support.DefaultTestContextBootstrapper]
15:32:22.583 [main] DEBUG o.s.t.c.s.AbstractDelegatingSmartContextLoader - Delegating to AnnotationConfigContextLoader to process context configuration [ContextConfigurationAttributes@1a1d6a08 declaringClass = 'com.excilys.formation.persistence.computerdao.computerdaoimpl.ComputerRepositoryTest', classes = '{class com.excilys.formation.config.SpringPersistenceConfig}', locations = '{}', inheritLocations = true, initializers = '{}', inheritInitializers = true, name = [null], contextLoaderClass = 'org.springframework.test.context.ContextLoader'].
15:32:22.593 [main] DEBUG o.s.t.c.support.ActiveProfilesUtils - Could not find an 'annotation declaring class' for annotation type [org.springframework.test.context.ActiveProfiles] and class [com.excilys.formation.persistence.computerdao.computerdaoimpl.ComputerRepositoryTest]
15:32:22.604 [main] INFO  o.s.t.c.s.DefaultTestContextBootstrapper - Using TestExecutionListeners: [org.springframework.test.context.support.DependencyInjectionTestExecutionListener@75881071, org.springframework.test.context.transaction.TransactionalTestExecutionListener@2a70a3d8, com.github.springtestdbunit.DbUnitTestExecutionListener@289d1c02]
15:32:22.606 [main] DEBUG o.s.t.annotation.ProfileValueUtils - Retrieved @ProfileValueSourceConfiguration [null] for test class [com.excilys.formation.persistence.computerdao.computerdaoimpl.ComputerRepositoryTest]
15:32:22.606 [main] DEBUG o.s.t.annotation.ProfileValueUtils - Retrieved ProfileValueSource type [class org.springframework.test.annotation.SystemProfileValueSource] for class [com.excilys.formation.persistence.computerdao.computerdaoimpl.ComputerRepositoryTest]
15:32:22.607 [main] DEBUG o.s.t.annotation.ProfileValueUtils - Retrieved @ProfileValueSourceConfiguration [null] for test class [com.excilys.formation.persistence.computerdao.computerdaoimpl.ComputerRepositoryTest]
15:32:22.607 [main] DEBUG o.s.t.annotation.ProfileValueUtils - Retrieved ProfileValueSource type [class org.springframework.test.annotation.SystemProfileValueSource] for class [com.excilys.formation.persistence.computerdao.computerdaoimpl.ComputerRepositoryTest]
15:32:22.609 [main] DEBUG o.s.t.annotation.ProfileValueUtils - Retrieved @ProfileValueSourceConfiguration [null] for test class [com.excilys.formation.persistence.computerdao.computerdaoimpl.ComputerRepositoryTest]
15:32:22.609 [main] DEBUG o.s.t.annotation.ProfileValueUtils - Retrieved ProfileValueSource type [class org.springframework.test.annotation.SystemProfileValueSource] for class [com.excilys.formation.persistence.computerdao.computerdaoimpl.ComputerRepositoryTest]
15:32:22.610 [main] DEBUG o.s.t.c.s.DependencyInjectionTestExecutionListener - Performing dependency injection for test context [[DefaultTestContext@eb21112 testClass = ComputerRepositoryTest, testInstance = com.excilys.formation.persistence.computerdao.computerdaoimpl.ComputerRepositoryTest@2eda0940, testMethod = [null], testException = [null], mergedContextConfiguration = [MergedContextConfiguration@3578436e testClass = ComputerRepositoryTest, locations = '{}', classes = '{class com.excilys.formation.config.SpringPersistenceConfig}', contextInitializerClasses = '[]', activeProfiles = '{}', propertySourceLocations = '{}', propertySourceProperties = '{}', contextCustomizers = set[[empty]], contextLoader = 'org.springframework.test.context.support.DelegatingSmartContextLoader', parent = [null]]]].
15:32:22.610 [main] DEBUG o.s.t.c.s.AbstractDelegatingSmartContextLoader - Delegating to AnnotationConfigContextLoader to load context from [MergedContextConfiguration@3578436e testClass = ComputerRepositoryTest, locations = '{}', classes = '{class com.excilys.formation.config.SpringPersistenceConfig}', contextInitializerClasses = '[]', activeProfiles = '{}', propertySourceLocations = '{}', propertySourceProperties = '{}', contextCustomizers = set[[empty]], contextLoader = 'org.springframework.test.context.support.DelegatingSmartContextLoader', parent = [null]].
15:32:22.610 [main] DEBUG o.s.t.c.s.AbstractGenericContextLoader - Loading ApplicationContext for merged context configuration [[MergedContextConfiguration@3578436e testClass = ComputerRepositoryTest, locations = '{}', classes = '{class com.excilys.formation.config.SpringPersistenceConfig}', contextInitializerClasses = '[]', activeProfiles = '{}', propertySourceLocations = '{}', propertySourceProperties = '{}', contextCustomizers = set[[empty]], contextLoader = 'org.springframework.test.context.support.DelegatingSmartContextLoader', parent = [null]]].
15:32:22.642 [main] DEBUG o.s.core.env.StandardEnvironment - Adding [systemProperties] PropertySource with lowest search precedence
15:32:22.643 [main] DEBUG o.s.core.env.StandardEnvironment - Adding [systemEnvironment] PropertySource with lowest search precedence
15:32:22.643 [main] DEBUG o.s.core.env.StandardEnvironment - Initialized StandardEnvironment with PropertySources [systemProperties,systemEnvironment]
15:32:22.643 [main] DEBUG o.s.t.c.s.AnnotationConfigContextLoader - Registering annotated classes: {class com.excilys.formation.config.SpringPersistenceConfig}
15:32:22.689 [main] INFO  o.s.c.s.GenericApplicationContext - Refreshing org.springframework.context.support.GenericApplicationContext@16022d9d: startup date [Fri Jan 06 15:32:22 CET 2017]; root of context hierarchy
15:32:22.689 [main] DEBUG o.s.c.s.GenericApplicationContext - Bean factory for org.springframework.context.support.GenericApplicationContext@16022d9d: org.springframework.beans.factory.support.DefaultListableBeanFactory@60611244: defining beans [org.springframework.context.annotation.internalConfigurationAnnotationProcessor,org.springframework.context.annotation.internalAutowiredAnnotationProcessor,org.springframework.context.annotation.internalRequiredAnnotationProcessor,org.springframework.context.annotation.internalCommonAnnotationProcessor,org.springframework.context.annotation.internalPersistenceAnnotationProcessor,org.springframework.context.event.internalEventListenerProcessor,org.springframework.context.event.internalEventListenerFactory,springPersistenceConfig]; root of factory hierarchy
15:32:22.699 [main] DEBUG o.s.b.f.s.DefaultListableBeanFactory - Creating shared instance of singleton bean 'org.springframework.context.annotation.internalConfigurationAnnotationProcessor'
15:32:22.699 [main] DEBUG o.s.b.f.s.DefaultListableBeanFactory - Creating instance of bean 'org.springframework.context.annotation.internalConfigurationAnnotationProcessor'
15:32:22.712 [main] DEBUG o.s.b.f.s.DefaultListableBeanFactory - Eagerly caching bean 'org.springframework.context.annotation.internalConfigurationAnnotationProcessor' to allow for resolving potential circular references
15:32:22.714 [main] DEBUG o.s.b.f.s.DefaultListableBeanFactory - Finished creating instance of bean 'org.springframework.context.annotation.internalConfigurationAnnotationProcessor'
15:32:22.729 [main] DEBUG o.s.core.env.StandardEnvironment - Adding [class path resource [defaultConnection.properties]] PropertySource with lowest search precedence
15:32:22.731 [main] DEBUG o.s.core.env.StandardEnvironment - Adding [systemProperties] PropertySource with lowest search precedence
15:32:22.731 [main] DEBUG o.s.core.env.StandardEnvironment - Adding [systemEnvironment] PropertySource with lowest search precedence
15:32:22.732 [main] DEBUG o.s.core.env.StandardEnvironment - Initialized StandardEnvironment with PropertySources [systemProperties,systemEnvironment]
15:32:22.734 [main] DEBUG o.s.c.a.ClassPathBeanDefinitionScanner - JSR-330 'javax.inject.Named' annotation found and supported for component scanning
15:32:22.735 [main] DEBUG o.s.c.i.s.PathMatchingResourcePatternResolver - Resolved classpath location [com/excilys/formation/] to resources [URL [file:/home/excilys/workspace/computer-database/persistence/target/test-classes/com/excilys/formation/], URL [file:/home/excilys/workspace/computer-database/persistence/target/classes/com/excilys/formation/], URL [file:/home/excilys/workspace/computer-database/core/target/classes/com/excilys/formation/]]
15:32:22.735 [main] DEBUG o.s.c.i.s.PathMatchingResourcePatternResolver - Looking for matching resources in directory tree [/home/excilys/workspace/computer-database/persistence/target/test-classes/com/excilys/formation]
15:32:22.735 [main] DEBUG o.s.c.i.s.PathMatchingResourcePatternResolver - Searching directory [/home/excilys/workspace/computer-database/persistence/target/test-classes/com/excilys/formation] for files matching pattern [/home/excilys/workspace/computer-database/persistence/target/test-classes/com/excilys/formation/**/*.class]
15:32:22.737 [main] DEBUG o.s.c.i.s.PathMatchingResourcePatternResolver - Searching directory [/home/excilys/workspace/computer-database/persistence/target/test-classes/com/excilys/formation/persistence] for files matching pattern [/home/excilys/workspace/computer-database/persistence/target/test-classes/com/excilys/formation/**/*.class]
15:32:22.737 [main] DEBUG o.s.c.i.s.PathMatchingResourcePatternResolver - Searching directory [/home/excilys/workspace/computer-database/persistence/target/test-classes/com/excilys/formation/persistence/computerdao] for files matching pattern [/home/excilys/workspace/computer-database/persistence/target/test-classes/com/excilys/formation/**/*.class]
15:32:22.737 [main] DEBUG o.s.c.i.s.PathMatchingResourcePatternResolver - Searching directory [/home/excilys/workspace/computer-database/persistence/target/test-classes/com/excilys/formation/persistence/computerdao/computerdaoimpl] for files matching pattern [/home/excilys/workspace/computer-database/persistence/target/test-classes/com/excilys/formation/**/*.class]
15:32:22.738 [main] DEBUG o.s.c.i.s.PathMatchingResourcePatternResolver - Looking for matching resources in directory tree [/home/excilys/workspace/computer-database/persistence/target/classes/com/excilys/formation]
15:32:22.738 [main] DEBUG o.s.c.i.s.PathMatchingResourcePatternResolver - Searching directory [/home/excilys/workspace/computer-database/persistence/target/classes/com/excilys/formation] for files matching pattern [/home/excilys/workspace/computer-database/persistence/target/classes/com/excilys/formation/**/*.class]
15:32:22.738 [main] DEBUG o.s.c.i.s.PathMatchingResourcePatternResolver - Searching directory [/home/excilys/workspace/computer-database/persistence/target/classes/com/excilys/formation/config] for files matching pattern [/home/excilys/workspace/computer-database/persistence/target/classes/com/excilys/formation/**/*.class]
15:32:22.739 [main] DEBUG o.s.c.i.s.PathMatchingResourcePatternResolver - Searching directory [/home/excilys/workspace/computer-database/persistence/target/classes/com/excilys/formation/exception] for files matching pattern [/home/excilys/workspace/computer-database/persistence/target/classes/com/excilys/formation/**/*.class]
15:32:22.739 [main] DEBUG o.s.c.i.s.PathMatchingResourcePatternResolver - Searching directory [/home/excilys/workspace/computer-database/persistence/target/classes/com/excilys/formation/mapper] for files matching pattern [/home/excilys/workspace/computer-database/persistence/target/classes/com/excilys/formation/**/*.class]
15:32:22.739 [main] DEBUG o.s.c.i.s.PathMatchingResourcePatternResolver - Searching directory [/home/excilys/workspace/computer-database/persistence/target/classes/com/excilys/formation/persistence] for files matching pattern [/home/excilys/workspace/computer-database/persistence/target/classes/com/excilys/formation/**/*.class]
15:32:22.740 [main] DEBUG o.s.c.i.s.PathMatchingResourcePatternResolver - Searching directory [/home/excilys/workspace/computer-database/persistence/target/classes/com/excilys/formation/persistence/companydao] for files matching pattern [/home/excilys/workspace/computer-database/persistence/target/classes/com/excilys/formation/**/*.class]
15:32:22.740 [main] DEBUG o.s.c.i.s.PathMatchingResourcePatternResolver - Searching directory [/home/excilys/workspace/computer-database/persistence/target/classes/com/excilys/formation/persistence/companydao/companydaoimpl] for files matching pattern [/home/excilys/workspace/computer-database/persistence/target/classes/com/excilys/formation/**/*.class]
15:32:22.740 [main] DEBUG o.s.c.i.s.PathMatchingResourcePatternResolver - Searching directory [/home/excilys/workspace/computer-database/persistence/target/classes/com/excilys/formation/persistence/computerdao] for files matching pattern [/home/excilys/workspace/computer-database/persistence/target/classes/com/excilys/formation/**/*.class]
15:32:22.740 [main] DEBUG o.s.c.i.s.PathMatchingResourcePatternResolver - Searching directory [/home/excilys/workspace/computer-database/persistence/target/classes/com/excilys/formation/persistence/computerdao/computerdaoimpl] for files matching pattern [/home/excilys/workspace/computer-database/persistence/target/classes/com/excilys/formation/**/*.class]
15:32:22.741 [main] DEBUG o.s.c.i.s.PathMatchingResourcePatternResolver - Searching directory [/home/excilys/workspace/computer-database/persistence/target/classes/com/excilys/formation/persistence/userdao] for files matching pattern [/home/excilys/workspace/computer-database/persistence/target/classes/com/excilys/formation/**/*.class]
15:32:22.741 [main] DEBUG o.s.c.i.s.PathMatchingResourcePatternResolver - Searching directory [/home/excilys/workspace/computer-database/persistence/target/classes/com/excilys/formation/persistence/userdao/userdaoimpl] for files matching pattern [/home/excilys/workspace/computer-database/persistence/target/classes/com/excilys/formation/**/*.class]
15:32:22.742 [main] DEBUG o.s.c.i.s.PathMatchingResourcePatternResolver - Looking for matching resources in directory tree [/home/excilys/workspace/computer-database/core/target/classes/com/excilys/formation]
15:32:22.742 [main] DEBUG o.s.c.i.s.PathMatchingResourcePatternResolver - Searching directory [/home/excilys/workspace/computer-database/core/target/classes/com/excilys/formation] for files matching pattern [/home/excilys/workspace/computer-database/core/target/classes/com/excilys/formation/**/*.class]
15:32:22.742 [main] DEBUG o.s.c.i.s.PathMatchingResourcePatternResolver - Searching directory [/home/excilys/workspace/computer-database/core/target/classes/com/excilys/formation/entity] for files matching pattern [/home/excilys/workspace/computer-database/core/target/classes/com/excilys/formation/**/*.class]
15:32:22.742 [main] DEBUG o.s.c.i.s.PathMatchingResourcePatternResolver - Searching directory [/home/excilys/workspace/computer-database/core/target/classes/com/excilys/formation/pagination] for files matching pattern [/home/excilys/workspace/computer-database/core/target/classes/com/excilys/formation/**/*.class]
15:32:22.742 [main] DEBUG o.s.c.i.s.PathMatchingResourcePatternResolver - Searching directory [/home/excilys/workspace/computer-database/core/target/classes/com/excilys/formation/util] for files matching pattern [/home/excilys/workspace/computer-database/core/target/classes/com/excilys/formation/**/*.class]
15:32:22.743 [main] DEBUG o.s.c.i.s.PathMatchingResourcePatternResolver - Resolved location pattern [classpath*:com/excilys/formation/**/*.class] to resources [file [/home/excilys/workspace/computer-database/persistence/target/test-classes/com/excilys/formation/persistence/computerdao/computerdaoimpl/ComputerRepositoryTest.class], file [/home/excilys/workspace/computer-database/persistence/target/classes/com/excilys/formation/config/SpringPersistenceConfig.class], file [/home/excilys/workspace/computer-database/persistence/target/classes/com/excilys/formation/exception/PersistenceException.class], file [/home/excilys/workspace/computer-database/persistence/target/classes/com/excilys/formation/mapper/CustomResultSetExtractor.class], file [/home/excilys/workspace/computer-database/persistence/target/classes/com/excilys/formation/mapper/CustomRowMapper.class], file [/home/excilys/workspace/computer-database/persistence/target/classes/com/excilys/formation/mapper/PersistenceMapper.class], file [/home/excilys/workspace/computer-database/persistence/target/classes/com/excilys/formation/persistence/BaseDao.class], file [/home/excilys/workspace/computer-database/persistence/target/classes/com/excilys/formation/persistence/companydao/CompanyDao.class], file [/home/excilys/workspace/computer-database/persistence/target/classes/com/excilys/formation/persistence/companydao/companydaoimpl/CompanyRepository.class], file [/home/excilys/workspace/computer-database/persistence/target/classes/com/excilys/formation/persistence/computerdao/ComputerDao.class], file [/home/excilys/workspace/computer-database/persistence/target/classes/com/excilys/formation/persistence/computerdao/computerdaoimpl/ComputerRepository.class], file [/home/excilys/workspace/computer-database/persistence/target/classes/com/excilys/formation/persistence/userdao/UserDao.class], file [/home/excilys/workspace/computer-database/persistence/target/classes/com/excilys/formation/persistence/userdao/userdaoimpl/UserRepository.class], file [/home/excilys/workspace/computer-database/core/target/classes/com/excilys/formation/entity/Company.class], file [/home/excilys/workspace/computer-database/core/target/classes/com/excilys/formation/entity/Computer$1.class], file [/home/excilys/workspace/computer-database/core/target/classes/com/excilys/formation/entity/Computer$Builder.class], file [/home/excilys/workspace/computer-database/core/target/classes/com/excilys/formation/entity/Computer.class], file [/home/excilys/workspace/computer-database/core/target/classes/com/excilys/formation/entity/Role.class], file [/home/excilys/workspace/computer-database/core/target/classes/com/excilys/formation/entity/User$UserBuilder.class], file [/home/excilys/workspace/computer-database/core/target/classes/com/excilys/formation/entity/User.class], file [/home/excilys/workspace/computer-database/core/target/classes/com/excilys/formation/pagination/Page.class], file [/home/excilys/workspace/computer-database/core/target/classes/com/excilys/formation/pagination/PageConstraints.class], file [/home/excilys/workspace/computer-database/core/target/classes/com/excilys/formation/util/DateConverter.class], file [/home/excilys/workspace/computer-database/core/target/classes/com/excilys/formation/util/PropertyReader.class]]
15:32:22.798 [main] DEBUG o.s.c.a.ConfigurationClassBeanDefinitionReader - Registered bean definition for imported class 'org.springframework.transaction.annotation.ProxyTransactionManagementConfiguration'
15:32:22.800 [main] DEBUG o.s.c.a.ConfigurationClassBeanDefinitionReader - Registering bean definition for @Bean method org.springframework.transaction.annotation.ProxyTransactionManagementConfiguration.org.springframework.transaction.config.internalTransactionAdvisor()
15:32:22.800 [main] DEBUG o.s.c.a.ConfigurationClassBeanDefinitionReader - Registering bean definition for @Bean method org.springframework.transaction.annotation.ProxyTransactionManagementConfiguration.transactionAttributeSource()
15:32:22.801 [main] DEBUG o.s.c.a.ConfigurationClassBeanDefinitionReader - Registering bean definition for @Bean method org.springframework.transaction.annotation.ProxyTransactionManagementConfiguration.transactionInterceptor()
15:32:22.801 [main] DEBUG o.s.c.a.ConfigurationClassBeanDefinitionReader - Registering bean definition for @Bean method org.springframework.transaction.annotation.ProxyTransactionManagementConfiguration.org.springframework.transaction.config.internalTransactionalEventListenerFactory()
15:32:22.802 [main] DEBUG o.s.c.a.ConfigurationClassBeanDefinitionReader - Registering bean definition for @Bean method com.excilys.formation.config.SpringPersistenceConfig.entityManagerFactory()
15:32:22.802 [main] DEBUG o.s.c.a.ConfigurationClassBeanDefinitionReader - Registering bean definition for @Bean method com.excilys.formation.config.SpringPersistenceConfig.transactionManager()
15:32:22.803 [main] DEBUG o.s.c.a.ConfigurationClassBeanDefinitionReader - Registering bean definition for @Bean method com.excilys.formation.config.SpringPersistenceConfig.dataSource()
15:32:22.804 [main] DEBUG o.s.c.a.ConfigurationClassBeanDefinitionReader - Registering bean definition for @Bean method com.excilys.formation.config.SpringPersistenceConfig.jpaVendorAdapter()
15:32:22.813 [main] DEBUG o.s.core.env.StandardEnvironment - Adding [systemProperties] PropertySource with lowest search precedence
15:32:22.813 [main] DEBUG o.s.core.env.StandardEnvironment - Adding [systemEnvironment] PropertySource with lowest search precedence
15:32:22.814 [main] DEBUG o.s.core.env.StandardEnvironment - Initialized StandardEnvironment with PropertySources [systemProperties,systemEnvironment]
15:32:22.815 [main] DEBUG o.s.c.i.s.PathMatchingResourcePatternResolver - Resolved classpath location [org/springframework/data/] to resources [URL [jar:file:/home/excilys/.m2/repository/org/springframework/data/spring-data-jpa/1.10.6.RELEASE/spring-data-jpa-1.10.6.RELEASE.jar!/org/springframework/data/], URL [jar:file:/home/excilys/.m2/repository/org/springframework/data/spring-data-commons/1.12.6.RELEASE/spring-data-commons-1.12.6.RELEASE.jar!/org/springframework/data/], URL [jar:file:/home/excilys/.m2/repository/org/springframework/data/spring-data-rest-webmvc/2.5.6.RELEASE/spring-data-rest-webmvc-2.5.6.RELEASE.jar!/org/springframework/data/], URL [jar:file:/home/excilys/.m2/repository/org/springframework/data/spring-data-rest-core/2.5.6.RELEASE/spring-data-rest-core-2.5.6.RELEASE.jar!/org/springframework/data/]]
15:32:22.815 [main] DEBUG o.s.c.i.s.PathMatchingResourcePatternResolver - Looking for matching resources in jar file [file:/home/excilys/.m2/repository/org/springframework/data/spring-data-jpa/1.10.6.RELEASE/spring-data-jpa-1.10.6.RELEASE.jar]
15:32:22.820 [main] DEBUG o.s.c.i.s.PathMatchingResourcePatternResolver - Looking for matching resources in jar file [file:/home/excilys/.m2/repository/org/springframework/data/spring-data-commons/1.12.6.RELEASE/spring-data-commons-1.12.6.RELEASE.jar]
15:32:22.828 [main] DEBUG o.s.c.i.s.PathMatchingResourcePatternResolver - Looking for matching resources in jar file [file:/home/excilys/.m2/repository/org/springframework/data/spring-data-rest-webmvc/2.5.6.RELEASE/spring-data-rest-webmvc-2.5.6.RELEASE.jar]
15:32:22.830 [main] DEBUG o.s.c.i.s.PathMatchingResourcePatternResolver - Looking for matching resources in jar file [file:/home/excilys/.m2/repository/org/springframework/data/spring-data-rest-core/2.5.6.RELEASE/spring-data-rest-core-2.5.6.RELEASE.jar]
15:32:22.832 [main] DEBUG o.s.c.i.s.PathMatchingResourcePatternResolver - Resolved location pattern [classpath*:org/springframework/data/**/repository/support/**/*.class] to resources [URL [jar:file:/home/excilys/.m2/repository/org/springframework/data/spring-data-jpa/1.10.6.RELEASE/spring-data-jpa-1.10.6.RELEASE.jar!/org/springframework/data/jpa/repository/support/CrudMethodMetadata.class], URL [jar:file:/home/excilys/.m2/repository/org/springframework/data/spring-data-jpa/1.10.6.RELEASE/spring-data-jpa-1.10.6.RELEASE.jar!/org/springframework/data/jpa/repository/support/CrudMethodMetadataPostProcessor$1.class], URL [jar:file:/home/excilys/.m2/repository/org/springframework/data/spring-data-jpa/1.10.6.RELEASE/spring-data-jpa-1.10.6.RELEASE.jar!/org/springframework/data/jpa/repository/support/CrudMethodMetadataPostProcessor$CrudMethodMetadataPopulatingMethodInterceptor.class], URL [jar:file:/home/excilys/.m2/repository/org/springframework/data/spring-data-jpa/1.10.6.RELEASE/spring-data-jpa-1.10.6.RELEASE.jar!/org/springframework/data/jpa/repository/support/CrudMethodMetadataPostProcessor$DefaultCrudMethodMetadata.class], URL [jar:file:/home/excilys/.m2/repository/org/springframework/data/spring-data-jpa/1.10.6.RELEASE/spring-data-jpa-1.10.6.RELEASE.jar!/org/springframework/data/jpa/repository/support/CrudMethodMetadataPostProcessor$ThreadBoundTargetSource.class], URL [jar:file:/home/excilys/.m2/repository/org/springframework/data/spring-data-jpa/1.10.6.RELEASE/spring-data-jpa-1.10.6.RELEASE.jar!/org/springframework/data/jpa/repository/support/CrudMethodMetadataPostProcessor.class], URL [jar:file:/home/excilys/.m2/repository/org/springframework/data/spring-data-jpa/1.10.6.RELEASE/spring-data-jpa-1.10.6.RELEASE.jar!/org/springframework/data/jpa/repository/support/DefaultJpaContext.class], URL [jar:file:/home/excilys/.m2/repository/org/springframework/data/spring-data-jpa/1.10.6.RELEASE/spring-data-jpa-1.10.6.RELEASE.jar!/org/springframework/data/jpa/repository/support/EntityManagerBeanDefinitionRegistrarPostProcessor.class], URL [jar:file:/home/excilys/.m2/repository/org/springframework/data/spring-data-jpa/1.10.6.RELEASE/spring-data-jpa-1.10.6.RELEASE.jar!/org/springframework/data/jpa/repository/support/JpaEntityInformation.class], URL [jar:file:/home/excilys/.m2/repository/org/springframework/data/spring-data-jpa/1.10.6.RELEASE/spring-data-jpa-1.10.6.RELEASE.jar!/org/springframework/data/jpa/repository/support/JpaEntityInformationSupport.class], URL [jar:file:/home/excilys/.m2/repository/org/springframework/data/spring-data-jpa/1.10.6.RELEASE/spring-data-jpa-1.10.6.RELEASE.jar!/org/springframework/data/jpa/repository/support/JpaMetamodelEntityInformation$IdentifierDerivingDirectFieldAccessFallbackBeanWrapper.class], URL [jar:file:/home/excilys/.m2/repository/org/springframework/data/spring-data-jpa/1.10.6.RELEASE/spring-data-jpa-1.10.6.RELEASE.jar!/org/springframework/data/jpa/repository/support/JpaMetamodelEntityInformation$IdMetadata.class], URL [jar:file:/home/excilys/.m2/repository/org/springframework/data/spring-data-jpa/1.10.6.RELEASE/spring-data-jpa-1.10.6.RELEASE.jar!/org/springframework/data/jpa/repository/support/JpaMetamodelEntityInformation.class], URL [jar:file:/home/excilys/.m2/repository/org/springframework/data/spring-data-jpa/1.10.6.RELEASE/spring-data-jpa-1.10.6.RELEASE.jar!/org/springframework/data/jpa/repository/support/JpaPersistableEntityInformation.class], URL [jar:file:/home/excilys/.m2/repository/org/springframework/data/spring-data-jpa/1.10.6.RELEASE/spring-data-jpa-1.10.6.RELEASE.jar!/org/springframework/data/jpa/repository/support/JpaRepositoryFactory.class], URL [jar:file:/home/excilys/.m2/repository/org/springframework/data/spring-data-jpa/1.10.6.RELEASE/spring-data-jpa-1.10.6.RELEASE.jar!/org/springframework/data/jpa/repository/support/JpaRepositoryFactoryBean.class], URL [jar:file:/home/excilys/.m2/repository/org/springframework/data/spring-data-jpa/1.10.6.RELEASE/spring-data-jpa-1.10.6.RELEASE.jar!/org/springframework/data/jpa/repository/support/Querydsl$1.class], URL [jar:file:/home/excilys/.m2/repository/org/springframework/data/spring-data-jpa/1.10.6.RELEASE/spring-data-jpa-1.10.6.RELEASE.jar!/org/springframework/data/jpa/repository/support/Querydsl.class], URL [jar:file:/home/excilys/.m2/repository/org/springframework/data/spring-data-jpa/1.10.6.RELEASE/spring-data-jpa-1.10.6.RELEASE.jar!/org/springframework/data/jpa/repository/support/QueryDslJpaRepository.class], URL [jar:file:/home/excilys/.m2/repository/org/springframework/data/spring-data-jpa/1.10.6.RELEASE/spring-data-jpa-1.10.6.RELEASE.jar!/org/springframework/data/jpa/repository/support/QueryDslRepositorySupport.class], URL [jar:file:/home/excilys/.m2/repository/org/springframework/data/spring-data-jpa/1.10.6.RELEASE/spring-data-jpa-1.10.6.RELEASE.jar!/org/springframework/data/jpa/repository/support/SimpleJpaRepository$ByIdsSpecification.class], URL [jar:file:/home/excilys/.m2/repository/org/springframework/data/spring-data-jpa/1.10.6.RELEASE/spring-data-jpa-1.10.6.RELEASE.jar!/org/springframework/data/jpa/repository/support/SimpleJpaRepository$ExampleSpecification.class], URL [jar:file:/home/excilys/.m2/repository/org/springframework/data/spring-data-jpa/1.10.6.RELEASE/spring-data-jpa-1.10.6.RELEASE.jar!/org/springframework/data/jpa/repository/support/SimpleJpaRepository.class], URL [jar:file:/home/excilys/.m2/repository/org/springframework/data/spring-data-commons/1.12.6.RELEASE/spring-data-commons-1.12.6.RELEASE.jar!/org/springframework/data/repository/support/AnnotationAttribute.class], URL [jar:file:/home/excilys/.m2/repository/org/springframework/data/spring-data-commons/1.12.6.RELEASE/spring-data-commons-1.12.6.RELEASE.jar!/org/springframework/data/repository/support/CrudRepositoryInvoker.class], URL [jar:file:/home/excilys/.m2/repository/org/springframework/data/spring-data-commons/1.12.6.RELEASE/spring-data-commons-1.12.6.RELEASE.jar!/org/springframework/data/repository/support/DefaultRepositoryInvokerFactory.class], URL [jar:file:/home/excilys/.m2/repository/org/springframework/data/spring-data-commons/1.12.6.RELEASE/spring-data-commons-1.12.6.RELEASE.jar!/org/springframework/data/repository/support/DomainClassConverter$ToEntityConverter.class], URL [jar:file:/home/excilys/.m2/repository/org/springframework/data/spring-data-commons/1.12.6.RELEASE/spring-data-commons-1.12.6.RELEASE.jar!/org/springframework/data/repository/support/DomainClassConverter$ToIdConverter.class], URL [jar:file:/home/excilys/.m2/repository/org/springframework/data/spring-data-commons/1.12.6.RELEASE/spring-data-commons-1.12.6.RELEASE.jar!/org/springframework/data/repository/support/DomainClassConverter.class], URL [jar:file:/home/excilys/.m2/repository/org/springframework/data/spring-data-commons/1.12.6.RELEASE/spring-data-commons-1.12.6.RELEASE.jar!/org/springframework/data/repository/support/DomainClassPropertyEditor.class], URL [jar:file:/home/excilys/.m2/repository/org/springframework/data/spring-data-commons/1.12.6.RELEASE/spring-data-commons-1.12.6.RELEASE.jar!/org/springframework/data/repository/support/DomainClassPropertyEditorRegistrar.class], URL [jar:file:/home/excilys/.m2/repository/org/springframework/data/spring-data-commons/1.12.6.RELEASE/spring-data-commons-1.12.6.RELEASE.jar!/org/springframework/data/repository/support/MethodParameters$AnnotationNamingMethodParameter.class], URL [jar:file:/home/excilys/.m2/repository/org/springframework/data/spring-data-commons/1.12.6.RELEASE/spring-data-commons-1.12.6.RELEASE.jar!/org/springframework/data/repository/support/MethodParameters.class], URL [jar:file:/home/excilys/.m2/repository/org/springframework/data/spring-data-commons/1.12.6.RELEASE/spring-data-commons-1.12.6.RELEASE.jar!/org/springframework/data/repository/support/PagingAndSortingRepositoryInvoker.class], URL [jar:file:/home/excilys/.m2/repository/org/springframework/data/spring-data-commons/1.12.6.RELEASE/spring-data-commons-1.12.6.RELEASE.jar!/org/springframework/data/repository/support/QueryMethodParameterConversionException.class], URL [jar:file:/home/excilys/.m2/repository/org/springframework/data/spring-data-commons/1.12.6.RELEASE/spring-data-commons-1.12.6.RELEASE.jar!/org/springframework/data/repository/support/ReflectionRepositoryInvoker.class], URL [jar:file:/home/excilys/.m2/repository/org/springframework/data/spring-data-commons/1.12.6.RELEASE/spring-data-commons-1.12.6.RELEASE.jar!/org/springframework/data/repository/support/Repositories$EmptyRepositoryFactoryInformation.class], URL [jar:file:/home/excilys/.m2/repository/org/springframework/data/spring-data-commons/1.12.6.RELEASE/spring-data-commons-1.12.6.RELEASE.jar!/org/springframework/data/repository/support/Repositories.class], URL [jar:file:/home/excilys/.m2/repository/org/springframework/data/spring-data-commons/1.12.6.RELEASE/spring-data-commons-1.12.6.RELEASE.jar!/org/springframework/data/repository/support/RepositoryInvocationInformation.class], URL [jar:file:/home/excilys/.m2/repository/org/springframework/data/spring-data-commons/1.12.6.RELEASE/spring-data-commons-1.12.6.RELEASE.jar!/org/springframework/data/repository/support/RepositoryInvoker.class], URL [jar:file:/home/excilys/.m2/repository/org/springframework/data/spring-data-commons/1.12.6.RELEASE/spring-data-commons-1.12.6.RELEASE.jar!/org/springframework/data/repository/support/RepositoryInvokerFactory.class]]
15:32:22.856 [main] DEBUG o.s.c.a.ClassPathScanningCandidateComponentProvider - Identified candidate component class: URL [jar:file:/home/excilys/.m2/repository/org/springframework/data/spring-data-jpa/1.10.6.RELEASE/spring-data-jpa-1.10.6.RELEASE.jar!/org/springframework/data/jpa/repository/support/JpaRepositoryFactory.class]
15:32:22.891 [main] DEBUG o.s.core.env.StandardEnvironment - Adding [systemProperties] PropertySource with lowest search precedence
15:32:22.892 [main] DEBUG o.s.core.env.StandardEnvironment - Adding [systemEnvironment] PropertySource with lowest search precedence
15:32:22.892 [main] DEBUG o.s.core.env.StandardEnvironment - Initialized StandardEnvironment with PropertySources [systemProperties,systemEnvironment]
15:32:22.893 [main] DEBUG o.s.c.i.s.PathMatchingResourcePatternResolver - Resolved classpath location [com/excilys/formation/persistence/] to resources [URL [file:/home/excilys/workspace/computer-database/persistence/target/test-classes/com/excilys/formation/persistence/], URL [file:/home/excilys/workspace/computer-database/persistence/target/classes/com/excilys/formation/persistence/]]
15:32:22.893 [main] DEBUG o.s.c.i.s.PathMatchingResourcePatternResolver - Looking for matching resources in directory tree [/home/excilys/workspace/computer-database/persistence/target/test-classes/com/excilys/formation/persistence]
15:32:22.893 [main] DEBUG o.s.c.i.s.PathMatchingResourcePatternResolver - Searching directory [/home/excilys/workspace/computer-database/persistence/target/test-classes/com/excilys/formation/persistence] for files matching pattern [/home/excilys/workspace/computer-database/persistence/target/test-classes/com/excilys/formation/persistence/**/*.class]
15:32:22.893 [main] DEBUG o.s.c.i.s.PathMatchingResourcePatternResolver - Searching directory [/home/excilys/workspace/computer-database/persistence/target/test-classes/com/excilys/formation/persistence/computerdao] for files matching pattern [/home/excilys/workspace/computer-database/persistence/target/test-classes/com/excilys/formation/persistence/**/*.class]
15:32:22.893 [main] DEBUG o.s.c.i.s.PathMatchingResourcePatternResolver - Searching directory [/home/excilys/workspace/computer-database/persistence/target/test-classes/com/excilys/formation/persistence/computerdao/computerdaoimpl] for files matching pattern [/home/excilys/workspace/computer-database/persistence/target/test-classes/com/excilys/formation/persistence/**/*.class]
15:32:22.894 [main] DEBUG o.s.c.i.s.PathMatchingResourcePatternResolver - Looking for matching resources in directory tree [/home/excilys/workspace/computer-database/persistence/target/classes/com/excilys/formation/persistence]
15:32:22.894 [main] DEBUG o.s.c.i.s.PathMatchingResourcePatternResolver - Searching directory [/home/excilys/workspace/computer-database/persistence/target/classes/com/excilys/formation/persistence] for files matching pattern [/home/excilys/workspace/computer-database/persistence/target/classes/com/excilys/formation/persistence/**/*.class]
15:32:22.894 [main] DEBUG o.s.c.i.s.PathMatchingResourcePatternResolver - Searching directory [/home/excilys/workspace/computer-database/persistence/target/classes/com/excilys/formation/persistence/companydao] for files matching pattern [/home/excilys/workspace/computer-database/persistence/target/classes/com/excilys/formation/persistence/**/*.class]
15:32:22.894 [main] DEBUG o.s.c.i.s.PathMatchingResourcePatternResolver - Searching directory [/home/excilys/workspace/computer-database/persistence/target/classes/com/excilys/formation/persistence/companydao/companydaoimpl] for files matching pattern [/home/excilys/workspace/computer-database/persistence/target/classes/com/excilys/formation/persistence/**/*.class]
15:32:22.894 [main] DEBUG o.s.c.i.s.PathMatchingResourcePatternResolver - Searching directory [/home/excilys/workspace/computer-database/persistence/target/classes/com/excilys/formation/persistence/computerdao] for files matching pattern [/home/excilys/workspace/computer-database/persistence/target/classes/com/excilys/formation/persistence/**/*.class]
15:32:22.894 [main] DEBUG o.s.c.i.s.PathMatchingResourcePatternResolver - Searching directory [/home/excilys/workspace/computer-database/persistence/target/classes/com/excilys/formation/persistence/computerdao/computerdaoimpl] for files matching pattern [/home/excilys/workspace/computer-database/persistence/target/classes/com/excilys/formation/persistence/**/*.class]
15:32:22.894 [main] DEBUG o.s.c.i.s.PathMatchingResourcePatternResolver - Searching directory [/home/excilys/workspace/computer-database/persistence/target/classes/com/excilys/formation/persistence/userdao] for files matching pattern [/home/excilys/workspace/computer-database/persistence/target/classes/com/excilys/formation/persistence/**/*.class]
15:32:22.895 [main] DEBUG o.s.c.i.s.PathMatchingResourcePatternResolver - Searching directory [/home/excilys/workspace/computer-database/persistence/target/classes/com/excilys/formation/persistence/userdao/userdaoimpl] for files matching pattern [/home/excilys/workspace/computer-database/persistence/target/classes/com/excilys/formation/persistence/**/*.class]
15:32:22.895 [main] DEBUG o.s.c.i.s.PathMatchingResourcePatternResolver - Resolved location pattern [classpath*:com/excilys/formation/persistence/**/*.class] to resources [file [/home/excilys/workspace/computer-database/persistence/target/test-classes/com/excilys/formation/persistence/computerdao/computerdaoimpl/ComputerRepositoryTest.class], file [/home/excilys/workspace/computer-database/persistence/target/classes/com/excilys/formation/persistence/BaseDao.class], file [/home/excilys/workspace/computer-database/persistence/target/classes/com/excilys/formation/persistence/companydao/CompanyDao.class], file [/home/excilys/workspace/computer-database/persistence/target/classes/com/excilys/formation/persistence/companydao/companydaoimpl/CompanyRepository.class], file [/home/excilys/workspace/computer-database/persistence/target/classes/com/excilys/formation/persistence/computerdao/ComputerDao.class], file [/home/excilys/workspace/computer-database/persistence/target/classes/com/excilys/formation/persistence/computerdao/computerdaoimpl/ComputerRepository.class], file [/home/excilys/workspace/computer-database/persistence/target/classes/com/excilys/formation/persistence/userdao/UserDao.class], file [/home/excilys/workspace/computer-database/persistence/target/classes/com/excilys/formation/persistence/userdao/userdaoimpl/UserRepository.class]]
15:32:22.897 [main] DEBUG o.s.d.r.c.RepositoryComponentProvider - Identified candidate component class: file [/home/excilys/workspace/computer-database/persistence/target/classes/com/excilys/formation/persistence/companydao/companydaoimpl/CompanyRepository.class]
15:32:22.898 [main] DEBUG o.s.d.r.c.RepositoryComponentProvider - Identified candidate component class: file [/home/excilys/workspace/computer-database/persistence/target/classes/com/excilys/formation/persistence/computerdao/computerdaoimpl/ComputerRepository.class]
15:32:22.899 [main] DEBUG o.s.d.r.c.RepositoryComponentProvider - Identified candidate component class: file [/home/excilys/workspace/computer-database/persistence/target/classes/com/excilys/formation/persistence/userdao/userdaoimpl/UserRepository.class]
15:32:22.901 [main] DEBUG o.s.core.env.StandardEnvironment - Adding [systemProperties] PropertySource with lowest search precedence
15:32:22.901 [main] DEBUG o.s.core.env.StandardEnvironment - Adding [systemEnvironment] PropertySource with lowest search precedence
15:32:22.901 [main] DEBUG o.s.core.env.StandardEnvironment - Initialized StandardEnvironment with PropertySources [systemProperties,systemEnvironment]
15:32:22.902 [main] DEBUG o.s.c.i.s.PathMatchingResourcePatternResolver - Resolved classpath location [com/excilys/formation/persistence/] to resources [URL [file:/home/excilys/workspace/computer-database/persistence/target/test-classes/com/excilys/formation/persistence/], URL [file:/home/excilys/workspace/computer-database/persistence/target/classes/com/excilys/formation/persistence/]]
15:32:22.902 [main] DEBUG o.s.c.i.s.PathMatchingResourcePatternResolver - Looking for matching resources in directory tree [/home/excilys/workspace/computer-database/persistence/target/test-classes/com/excilys/formation/persistence]
15:32:22.902 [main] DEBUG o.s.c.i.s.PathMatchingResourcePatternResolver - Searching directory [/home/excilys/workspace/computer-database/persistence/target/test-classes/com/excilys/formation/persistence] for files matching pattern [/home/excilys/workspace/computer-database/persistence/target/test-classes/com/excilys/formation/persistence/**/*UserRepositoryImpl.class]
15:32:22.902 [main] DEBUG o.s.c.i.s.PathMatchingResourcePatternResolver - Searching directory [/home/excilys/workspace/computer-database/persistence/target/test-classes/com/excilys/formation/persistence/computerdao] for files matching pattern [/home/excilys/workspace/computer-database/persistence/target/test-classes/com/excilys/formation/persistence/**/*UserRepositoryImpl.class]
15:32:22.902 [main] DEBUG o.s.c.i.s.PathMatchingResourcePatternResolver - Searching directory [/home/excilys/workspace/computer-database/persistence/target/test-classes/com/excilys/formation/persistence/computerdao/computerdaoimpl] for files matching pattern [/home/excilys/workspace/computer-database/persistence/target/test-classes/com/excilys/formation/persistence/**/*UserRepositoryImpl.class]
15:32:22.902 [main] DEBUG o.s.c.i.s.PathMatchingResourcePatternResolver - Looking for matching resources in directory tree [/home/excilys/workspace/computer-database/persistence/target/classes/com/excilys/formation/persistence]
15:32:22.902 [main] DEBUG o.s.c.i.s.PathMatchingResourcePatternResolver - Searching directory [/home/excilys/workspace/computer-database/persistence/target/classes/com/excilys/formation/persistence] for files matching pattern [/home/excilys/workspace/computer-database/persistence/target/classes/com/excilys/formation/persistence/**/*UserRepositoryImpl.class]
15:32:22.904 [main] DEBUG o.s.c.i.s.PathMatchingResourcePatternResolver - Searching directory [/home/excilys/workspace/computer-database/persistence/target/classes/com/excilys/formation/persistence/companydao] for files matching pattern [/home/excilys/workspace/computer-database/persistence/target/classes/com/excilys/formation/persistence/**/*UserRepositoryImpl.class]
15:32:22.904 [main] DEBUG o.s.c.i.s.PathMatchingResourcePatternResolver - Searching directory [/home/excilys/workspace/computer-database/persistence/target/classes/com/excilys/formation/persistence/companydao/companydaoimpl] for files matching pattern [/home/excilys/workspace/computer-database/persistence/target/classes/com/excilys/formation/persistence/**/*UserRepositoryImpl.class]
15:32:22.904 [main] DEBUG o.s.c.i.s.PathMatchingResourcePatternResolver - Searching directory [/home/excilys/workspace/computer-database/persistence/target/classes/com/excilys/formation/persistence/computerdao] for files matching pattern [/home/excilys/workspace/computer-database/persistence/target/classes/com/excilys/formation/persistence/**/*UserRepositoryImpl.class]
15:32:22.904 [main] DEBUG o.s.c.i.s.PathMatchingResourcePatternResolver - Searching directory [/home/excilys/workspace/computer-database/persistence/target/classes/com/excilys/formation/persistence/computerdao/computerdaoimpl] for files matching pattern [/home/excilys/workspace/computer-database/persistence/target/classes/com/excilys/formation/persistence/**/*UserRepositoryImpl.class]
15:32:22.905 [main] DEBUG o.s.c.i.s.PathMatchingResourcePatternResolver - Searching directory [/home/excilys/workspace/computer-database/persistence/target/classes/com/excilys/formation/persistence/userdao] for files matching pattern [/home/excilys/workspace/computer-database/persistence/target/classes/com/excilys/formation/persistence/**/*UserRepositoryImpl.class]
15:32:22.905 [main] DEBUG o.s.c.i.s.PathMatchingResourcePatternResolver - Searching directory [/home/excilys/workspace/computer-database/persistence/target/classes/com/excilys/formation/persistence/userdao/userdaoimpl] for files matching pattern [/home/excilys/workspace/computer-database/persistence/target/classes/com/excilys/formation/persistence/**/*UserRepositoryImpl.class]
15:32:22.905 [main] DEBUG o.s.c.i.s.PathMatchingResourcePatternResolver - Resolved location pattern [classpath*:com/excilys/formation/persistence/**/*UserRepositoryImpl.class] to resources []
15:32:22.908 [main] DEBUG o.s.d.r.c.RepositoryConfigurationDelegate - Spring Data JPA - Registering repository: userRepository - Interface: com.excilys.formation.persistence.userdao.userdaoimpl.UserRepository - Factory: org.springframework.data.jpa.repository.support.JpaRepositoryFactoryBean
15:32:22.910 [main] DEBUG o.s.core.env.StandardEnvironment - Adding [systemProperties] PropertySource with lowest search precedence
15:32:22.910 [main] DEBUG o.s.core.env.StandardEnvironment - Adding [systemEnvironment] PropertySource with lowest search precedence
15:32:22.910 [main] DEBUG o.s.core.env.StandardEnvironment - Initialized StandardEnvironment with PropertySources [systemProperties,systemEnvironment]
15:32:22.910 [main] DEBUG o.s.c.i.s.PathMatchingResourcePatternResolver - Resolved classpath location [com/excilys/formation/persistence/] to resources [URL [file:/home/excilys/workspace/computer-database/persistence/target/test-classes/com/excilys/formation/persistence/], URL [file:/home/excilys/workspace/computer-database/persistence/target/classes/com/excilys/formation/persistence/]]
15:32:22.910 [main] DEBUG o.s.c.i.s.PathMatchingResourcePatternResolver - Looking for matching resources in directory tree [/home/excilys/workspace/computer-database/persistence/target/test-classes/com/excilys/formation/persistence]
15:32:22.910 [main] DEBUG o.s.c.i.s.PathMatchingResourcePatternResolver - Searching directory [/home/excilys/workspace/computer-database/persistence/target/test-classes/com/excilys/formation/persistence] for files matching pattern [/home/excilys/workspace/computer-database/persistence/target/test-classes/com/excilys/formation/persistence/**/*CompanyRepositoryImpl.class]
15:32:22.911 [main] DEBUG o.s.c.i.s.PathMatchingResourcePatternResolver - Searching directory [/home/excilys/workspace/computer-database/persistence/target/test-classes/com/excilys/formation/persistence/computerdao] for files matching pattern [/home/excilys/workspace/computer-database/persistence/target/test-classes/com/excilys/formation/persistence/**/*CompanyRepositoryImpl.class]
15:32:22.911 [main] DEBUG o.s.c.i.s.PathMatchingResourcePatternResolver - Searching directory [/home/excilys/workspace/computer-database/persistence/target/test-classes/com/excilys/formation/persistence/computerdao/computerdaoimpl] for files matching pattern [/home/excilys/workspace/computer-database/persistence/target/test-classes/com/excilys/formation/persistence/**/*CompanyRepositoryImpl.class]
15:32:22.911 [main] DEBUG o.s.c.i.s.PathMatchingResourcePatternResolver - Looking for matching resources in directory tree [/home/excilys/workspace/computer-database/persistence/target/classes/com/excilys/formation/persistence]
15:32:22.911 [main] DEBUG o.s.c.i.s.PathMatchingResourcePatternResolver - Searching directory [/home/excilys/workspace/computer-database/persistence/target/classes/com/excilys/formation/persistence] for files matching pattern [/home/excilys/workspace/computer-database/persistence/target/classes/com/excilys/formation/persistence/**/*CompanyRepositoryImpl.class]
15:32:22.911 [main] DEBUG o.s.c.i.s.PathMatchingResourcePatternResolver - Searching directory [/home/excilys/workspace/computer-database/persistence/target/classes/com/excilys/formation/persistence/companydao] for files matching pattern [/home/excilys/workspace/computer-database/persistence/target/classes/com/excilys/formation/persistence/**/*CompanyRepositoryImpl.class]
15:32:22.911 [main] DEBUG o.s.c.i.s.PathMatchingResourcePatternResolver - Searching directory [/home/excilys/workspace/computer-database/persistence/target/classes/com/excilys/formation/persistence/companydao/companydaoimpl] for files matching pattern [/home/excilys/workspace/computer-database/persistence/target/classes/com/excilys/formation/persistence/**/*CompanyRepositoryImpl.class]
15:32:22.911 [main] DEBUG o.s.c.i.s.PathMatchingResourcePatternResolver - Searching directory [/home/excilys/workspace/computer-database/persistence/target/classes/com/excilys/formation/persistence/computerdao] for files matching pattern [/home/excilys/workspace/computer-database/persistence/target/classes/com/excilys/formation/persistence/**/*CompanyRepositoryImpl.class]
15:32:22.911 [main] DEBUG o.s.c.i.s.PathMatchingResourcePatternResolver - Searching directory [/home/excilys/workspace/computer-database/persistence/target/classes/com/excilys/formation/persistence/computerdao/computerdaoimpl] for files matching pattern [/home/excilys/workspace/computer-database/persistence/target/classes/com/excilys/formation/persistence/**/*CompanyRepositoryImpl.class]
15:32:22.912 [main] DEBUG o.s.c.i.s.PathMatchingResourcePatternResolver - Searching directory [/home/excilys/workspace/computer-database/persistence/target/classes/com/excilys/formation/persistence/userdao] for files matching pattern [/home/excilys/workspace/computer-database/persistence/target/classes/com/excilys/formation/persistence/**/*CompanyRepositoryImpl.class]
15:32:22.912 [main] DEBUG o.s.c.i.s.PathMatchingResourcePatternResolver - Searching directory [/home/excilys/workspace/computer-database/persistence/target/classes/com/excilys/formation/persistence/userdao/userdaoimpl] for files matching pattern [/home/excilys/workspace/computer-database/persistence/target/classes/com/excilys/formation/persistence/**/*CompanyRepositoryImpl.class]
15:32:22.912 [main] DEBUG o.s.c.i.s.PathMatchingResourcePatternResolver - Resolved location pattern [classpath*:com/excilys/formation/persistence/**/*CompanyRepositoryImpl.class] to resources []
15:32:22.913 [main] DEBUG o.s.d.r.c.RepositoryConfigurationDelegate - Spring Data JPA - Registering repository: companyRepository - Interface: com.excilys.formation.persistence.companydao.companydaoimpl.CompanyRepository - Factory: org.springframework.data.jpa.repository.support.JpaRepositoryFactoryBean
15:32:22.914 [main] DEBUG o.s.core.env.StandardEnvironment - Adding [systemProperties] PropertySource with lowest search precedence
15:32:22.914 [main] DEBUG o.s.core.env.StandardEnvironment - Adding [systemEnvironment] PropertySource with lowest search precedence
15:32:22.914 [main] DEBUG o.s.core.env.StandardEnvironment - Initialized StandardEnvironment with PropertySources [systemProperties,systemEnvironment]
15:32:22.914 [main] DEBUG o.s.c.i.s.PathMatchingResourcePatternResolver - Resolved classpath location [com/excilys/formation/persistence/] to resources [URL [file:/home/excilys/workspace/computer-database/persistence/target/test-classes/com/excilys/formation/persistence/], URL [file:/home/excilys/workspace/computer-database/persistence/target/classes/com/excilys/formation/persistence/]]
15:32:22.914 [main] DEBUG o.s.c.i.s.PathMatchingResourcePatternResolver - Looking for matching resources in directory tree [/home/excilys/workspace/computer-database/persistence/target/test-classes/com/excilys/formation/persistence]
15:32:22.914 [main] DEBUG o.s.c.i.s.PathMatchingResourcePatternResolver - Searching directory [/home/excilys/workspace/computer-database/persistence/target/test-classes/com/excilys/formation/persistence] for files matching pattern [/home/excilys/workspace/computer-database/persistence/target/test-classes/com/excilys/formation/persistence/**/*ComputerRepositoryImpl.class]
15:32:22.914 [main] DEBUG o.s.c.i.s.PathMatchingResourcePatternResolver - Searching directory [/home/excilys/workspace/computer-database/persistence/target/test-classes/com/excilys/formation/persistence/computerdao] for files matching pattern [/home/excilys/workspace/computer-database/persistence/target/test-classes/com/excilys/formation/persistence/**/*ComputerRepositoryImpl.class]
15:32:22.915 [main] DEBUG o.s.c.i.s.PathMatchingResourcePatternResolver - Searching directory [/home/excilys/workspace/computer-database/persistence/target/test-classes/com/excilys/formation/persistence/computerdao/computerdaoimpl] for files matching pattern [/home/excilys/workspace/computer-database/persistence/target/test-classes/com/excilys/formation/persistence/**/*ComputerRepositoryImpl.class]
15:32:22.917 [main] DEBUG o.s.c.i.s.PathMatchingResourcePatternResolver - Looking for matching resources in directory tree [/home/excilys/workspace/computer-database/persistence/target/classes/com/excilys/formation/persistence]
15:32:22.917 [main] DEBUG o.s.c.i.s.PathMatchingResourcePatternResolver - Searching directory [/home/excilys/workspace/computer-database/persistence/target/classes/com/excilys/formation/persistence] for files matching pattern [/home/excilys/workspace/computer-database/persistence/target/classes/com/excilys/formation/persistence/**/*ComputerRepositoryImpl.class]
15:32:22.917 [main] DEBUG o.s.c.i.s.PathMatchingResourcePatternResolver - Searching directory [/home/excilys/workspace/computer-database/persistence/target/classes/com/excilys/formation/persistence/companydao] for files matching pattern [/home/excilys/workspace/computer-database/persistence/target/classes/com/excilys/formation/persistence/**/*ComputerRepositoryImpl.class]
15:32:22.917 [main] DEBUG o.s.c.i.s.PathMatchingResourcePatternResolver - Searching directory [/home/excilys/workspace/computer-database/persistence/target/classes/com/excilys/formation/persistence/companydao/companydaoimpl] for files matching pattern [/home/excilys/workspace/computer-database/persistence/target/classes/com/excilys/formation/persistence/**/*ComputerRepositoryImpl.class]
15:32:22.917 [main] DEBUG o.s.c.i.s.PathMatchingResourcePatternResolver - Searching directory [/home/excilys/workspace/computer-database/persistence/target/classes/com/excilys/formation/persistence/computerdao] for files matching pattern [/home/excilys/workspace/computer-database/persistence/target/classes/com/excilys/formation/persistence/**/*ComputerRepositoryImpl.class]
15:32:22.917 [main] DEBUG o.s.c.i.s.PathMatchingResourcePatternResolver - Searching directory [/home/excilys/workspace/computer-database/persistence/target/classes/com/excilys/formation/persistence/computerdao/computerdaoimpl] for files matching pattern [/home/excilys/workspace/computer-database/persistence/target/classes/com/excilys/formation/persistence/**/*ComputerRepositoryImpl.class]
15:32:22.917 [main] DEBUG o.s.c.i.s.PathMatchingResourcePatternResolver - Searching directory [/home/excilys/workspace/computer-database/persistence/target/classes/com/excilys/formation/persistence/userdao] for files matching pattern [/home/excilys/workspace/computer-database/persistence/target/classes/com/excilys/formation/persistence/**/*ComputerRepositoryImpl.class]
15:32:22.917 [main] DEBUG o.s.c.i.s.PathMatchingResourcePatternResolver - Searching directory [/home/excilys/workspace/computer-database/persistence/target/classes/com/excilys/formation/persistence/userdao/userdaoimpl] for files matching pattern [/home/excilys/workspace/computer-database/persistence/target/classes/com/excilys/formation/persistence/**/*ComputerRepositoryImpl.class]
15:32:22.917 [main] DEBUG o.s.c.i.s.PathMatchingResourcePatternResolver - Resolved location pattern [classpath*:com/excilys/formation/persistence/**/*ComputerRepositoryImpl.class] to resources []
15:32:22.918 [main] DEBUG o.s.d.r.c.RepositoryConfigurationDelegate - Spring Data JPA - Registering repository: computerRepository - Interface: com.excilys.formation.persistence.computerdao.computerdaoimpl.ComputerRepository - Factory: org.springframework.data.jpa.repository.support.JpaRepositoryFactoryBean
15:32:22.979 [main] DEBUG o.s.c.a.ConfigurationClassEnhancer - Successfully enhanced com.excilys.formation.config.SpringPersistenceConfig; enhanced class name is: com.excilys.formation.config.SpringPersistenceConfig$$EnhancerBySpringCGLIB$$75abbcb4
15:32:22.979 [main] DEBUG o.s.c.a.ConfigurationClassPostProcessor - Replacing bean definition 'springPersistenceConfig' existing class 'com.excilys.formation.config.SpringPersistenceConfig' with enhanced class 'com.excilys.formation.config.SpringPersistenceConfig$$EnhancerBySpringCGLIB$$75abbcb4'
15:32:22.982 [main] DEBUG o.s.c.a.ConfigurationClassEnhancer - Successfully enhanced org.springframework.transaction.annotation.ProxyTransactionManagementConfiguration; enhanced class name is: org.springframework.transaction.annotation.ProxyTransactionManagementConfiguration$$EnhancerBySpringCGLIB$$364579c
15:32:22.982 [main] DEBUG o.s.c.a.ConfigurationClassPostProcessor - Replacing bean definition 'org.springframework.transaction.annotation.ProxyTransactionManagementConfiguration' existing class 'org.springframework.transaction.annotation.ProxyTransactionManagementConfiguration' with enhanced class 'org.springframework.transaction.annotation.ProxyTransactionManagementConfiguration$$EnhancerBySpringCGLIB$$364579c'
15:32:22.983 [main] DEBUG o.s.b.f.s.DefaultListableBeanFactory - Creating shared instance of singleton bean 'emBeanDefinitionRegistrarPostProcessor'
15:32:22.983 [main] DEBUG o.s.b.f.s.DefaultListableBeanFactory - Creating instance of bean 'emBeanDefinitionRegistrarPostProcessor'
15:32:22.983 [main] DEBUG o.s.b.f.s.DefaultListableBeanFactory - Eagerly caching bean 'emBeanDefinitionRegistrarPostProcessor' to allow for resolving potential circular references
15:32:22.992 [main] DEBUG o.s.b.f.s.DefaultListableBeanFactory - Finished creating instance of bean 'emBeanDefinitionRegistrarPostProcessor'
15:32:22.997 [main] DEBUG o.s.b.f.s.DefaultListableBeanFactory - Creating shared instance of singleton bean 'org.springframework.context.annotation.internalAutowiredAnnotationProcessor'
15:32:22.997 [main] DEBUG o.s.b.f.s.DefaultListableBeanFactory - Creating instance of bean 'org.springframework.context.annotation.internalAutowiredAnnotationProcessor'
15:32:22.998 [main] INFO  o.s.b.f.a.AutowiredAnnotationBeanPostProcessor - JSR-330 'javax.inject.Inject' annotation found and supported for autowiring
15:32:22.998 [main] DEBUG o.s.b.f.s.DefaultListableBeanFactory - Eagerly caching bean 'org.springframework.context.annotation.internalAutowiredAnnotationProcessor' to allow for resolving potential circular references
15:32:23.002 [main] DEBUG o.s.b.f.s.DefaultListableBeanFactory - Finished creating instance of bean 'org.springframework.context.annotation.internalAutowiredAnnotationProcessor'
15:32:23.002 [main] DEBUG o.s.b.f.s.DefaultListableBeanFactory - Creating shared instance of singleton bean 'org.springframework.context.annotation.internalRequiredAnnotationProcessor'
15:32:23.002 [main] DEBUG o.s.b.f.s.DefaultListableBeanFactory - Creating instance of bean 'org.springframework.context.annotation.internalRequiredAnnotationProcessor'
15:32:23.002 [main] DEBUG o.s.b.f.s.DefaultListableBeanFactory - Eagerly caching bean 'org.springframework.context.annotation.internalRequiredAnnotationProcessor' to allow for resolving potential circular references
15:32:23.005 [main] DEBUG o.s.b.f.s.DefaultListableBeanFactory - Finished creating instance of bean 'org.springframework.context.annotation.internalRequiredAnnotationProcessor'
15:32:23.005 [main] DEBUG o.s.b.f.s.DefaultListableBeanFactory - Creating shared instance of singleton bean 'org.springframework.context.annotation.internalCommonAnnotationProcessor'
15:32:23.005 [main] DEBUG o.s.b.f.s.DefaultListableBeanFactory - Creating instance of bean 'org.springframework.context.annotation.internalCommonAnnotationProcessor'
15:32:23.007 [main] DEBUG o.s.b.f.s.DefaultListableBeanFactory - Eagerly caching bean 'org.springframework.context.annotation.internalCommonAnnotationProcessor' to allow for resolving potential circular references
15:32:23.012 [main] DEBUG o.s.b.f.s.DefaultListableBeanFactory - Finished creating instance of bean 'org.springframework.context.annotation.internalCommonAnnotationProcessor'
15:32:23.012 [main] DEBUG o.s.b.f.s.DefaultListableBeanFactory - Creating shared instance of singleton bean 'org.springframework.context.annotation.internalPersistenceAnnotationProcessor'
15:32:23.012 [main] DEBUG o.s.b.f.s.DefaultListableBeanFactory - Creating instance of bean 'org.springframework.context.annotation.internalPersistenceAnnotationProcessor'
15:32:23.012 [main] DEBUG o.s.b.f.s.DefaultListableBeanFactory - Eagerly caching bean 'org.springframework.context.annotation.internalPersistenceAnnotationProcessor' to allow for resolving potential circular references
15:32:23.015 [main] DEBUG o.s.b.f.s.DefaultListableBeanFactory - Finished creating instance of bean 'org.springframework.context.annotation.internalPersistenceAnnotationProcessor'
15:32:23.015 [main] DEBUG o.s.b.f.s.DefaultListableBeanFactory - Creating shared instance of singleton bean 'org.springframework.data.repository.core.support.RepositoryFactoryBeanSupport_Predictor'
15:32:23.015 [main] DEBUG o.s.b.f.s.DefaultListableBeanFactory - Creating instance of bean 'org.springframework.data.repository.core.support.RepositoryFactoryBeanSupport_Predictor'
15:32:23.028 [main] DEBUG o.s.b.f.s.DefaultListableBeanFactory - Eagerly caching bean 'org.springframework.data.repository.core.support.RepositoryFactoryBeanSupport_Predictor' to allow for resolving potential circular references
15:32:23.030 [main] DEBUG o.s.b.f.s.DefaultListableBeanFactory - Finished creating instance of bean 'org.springframework.data.repository.core.support.RepositoryFactoryBeanSupport_Predictor'
15:32:23.031 [main] DEBUG o.s.b.f.s.DefaultListableBeanFactory - Creating shared instance of singleton bean 'org.springframework.aop.config.internalAutoProxyCreator'
15:32:23.031 [main] DEBUG o.s.b.f.s.DefaultListableBeanFactory - Creating instance of bean 'org.springframework.aop.config.internalAutoProxyCreator'
15:32:23.038 [main] DEBUG o.s.b.f.s.DefaultListableBeanFactory - Eagerly caching bean 'org.springframework.aop.config.internalAutoProxyCreator' to allow for resolving potential circular references
15:32:23.047 [main] DEBUG o.s.b.f.s.DefaultListableBeanFactory - Finished creating instance of bean 'org.springframework.aop.config.internalAutoProxyCreator'
15:32:23.048 [main] DEBUG o.s.c.s.GenericApplicationContext - Unable to locate MessageSource with name 'messageSource': using default [org.springframework.context.support.DelegatingMessageSource@536f2a7e]
15:32:23.050 [main] DEBUG o.s.c.s.GenericApplicationContext - Unable to locate ApplicationEventMulticaster with name 'applicationEventMulticaster': using default [org.springframework.context.event.SimpleApplicationEventMulticaster@4f32a3ad]
15:32:23.051 [main] DEBUG o.s.b.f.s.DefaultListableBeanFactory - Creating shared instance of singleton bean 'entityManagerFactory'
15:32:23.051 [main] DEBUG o.s.b.f.s.DefaultListableBeanFactory - Creating instance of bean 'entityManagerFactory'
15:32:23.051 [main] DEBUG o.s.b.f.s.DefaultListableBeanFactory - Creating shared instance of singleton bean 'springPersistenceConfig'
15:32:23.051 [main] DEBUG o.s.b.f.s.DefaultListableBeanFactory - Creating instance of bean 'springPersistenceConfig'
15:32:23.054 [main] DEBUG o.s.b.f.annotation.InjectionMetadata - Registered injected element on class [com.excilys.formation.config.SpringPersistenceConfig$$EnhancerBySpringCGLIB$$75abbcb4]: AutowiredFieldElement for private java.lang.String com.excilys.formation.config.SpringPersistenceConfig.dataSourceClassName
15:32:23.054 [main] DEBUG o.s.b.f.annotation.InjectionMetadata - Registered injected element on class [com.excilys.formation.config.SpringPersistenceConfig$$EnhancerBySpringCGLIB$$75abbcb4]: AutowiredFieldElement for private java.lang.String com.excilys.formation.config.SpringPersistenceConfig.jdbcUrl
15:32:23.054 [main] DEBUG o.s.b.f.annotation.InjectionMetadata - Registered injected element on class [com.excilys.formation.config.SpringPersistenceConfig$$EnhancerBySpringCGLIB$$75abbcb4]: AutowiredFieldElement for private java.lang.String com.excilys.formation.config.SpringPersistenceConfig.username
15:32:23.054 [main] DEBUG o.s.b.f.annotation.InjectionMetadata - Registered injected element on class [com.excilys.formation.config.SpringPersistenceConfig$$EnhancerBySpringCGLIB$$75abbcb4]: AutowiredFieldElement for private java.lang.String com.excilys.formation.config.SpringPersistenceConfig.password
15:32:23.054 [main] DEBUG o.s.b.f.s.DefaultListableBeanFactory - Eagerly caching bean 'springPersistenceConfig' to allow for resolving potential circular references
15:32:23.056 [main] DEBUG o.s.b.f.annotation.InjectionMetadata - Processing injected element of bean 'springPersistenceConfig': AutowiredFieldElement for private java.lang.String com.excilys.formation.config.SpringPersistenceConfig.dataSourceClassName
15:32:23.058 [main] DEBUG o.s.c.e.PropertySourcesPropertyResolver - Found key 'dataSourceClassName' in [class path resource [defaultConnection.properties]] with type [String]
15:32:23.058 [main] DEBUG o.s.b.f.annotation.InjectionMetadata - Processing injected element of bean 'springPersistenceConfig': AutowiredFieldElement for private java.lang.String com.excilys.formation.config.SpringPersistenceConfig.jdbcUrl
15:32:23.058 [main] DEBUG o.s.c.e.PropertySourcesPropertyResolver - Found key 'dataSource.jdbcUrl' in [class path resource [defaultConnection.properties]] with type [String]
15:32:23.058 [main] DEBUG o.s.b.f.annotation.InjectionMetadata - Processing injected element of bean 'springPersistenceConfig': AutowiredFieldElement for private java.lang.String com.excilys.formation.config.SpringPersistenceConfig.username
15:32:23.059 [main] DEBUG o.s.c.e.PropertySourcesPropertyResolver - Found key 'dataSource.user' in [class path resource [defaultConnection.properties]] with type [String]
15:32:23.059 [main] DEBUG o.s.b.f.annotation.InjectionMetadata - Processing injected element of bean 'springPersistenceConfig': AutowiredFieldElement for private java.lang.String com.excilys.formation.config.SpringPersistenceConfig.password
15:32:23.059 [main] DEBUG o.s.c.e.PropertySourcesPropertyResolver - Found key 'dataSource.password' in [class path resource [defaultConnection.properties]] with type [String]
15:32:23.059 [main] DEBUG o.s.b.f.s.DefaultListableBeanFactory - Creating shared instance of singleton bean 'org.springframework.transaction.config.internalTransactionAdvisor'
15:32:23.059 [main] DEBUG o.s.b.f.s.DefaultListableBeanFactory - Creating instance of bean 'org.springframework.transaction.config.internalTransactionAdvisor'
15:32:23.059 [main] DEBUG o.s.b.f.s.DefaultListableBeanFactory - Creating shared instance of singleton bean 'org.springframework.transaction.annotation.ProxyTransactionManagementConfiguration'
15:32:23.059 [main] DEBUG o.s.b.f.s.DefaultListableBeanFactory - Creating instance of bean 'org.springframework.transaction.annotation.ProxyTransactionManagementConfiguration'
15:32:23.064 [main] DEBUG o.s.b.f.annotation.InjectionMetadata - Registered injected element on class [org.springframework.transaction.annotation.ProxyTransactionManagementConfiguration$$EnhancerBySpringCGLIB$$364579c]: AutowiredMethodElement for void org.springframework.transaction.annotation.AbstractTransactionManagementConfiguration.setConfigurers(java.util.Collection)
15:32:23.064 [main] DEBUG o.s.b.f.s.DefaultListableBeanFactory - Eagerly caching bean 'org.springframework.transaction.annotation.ProxyTransactionManagementConfiguration' to allow for resolving potential circular references
15:32:23.064 [main] DEBUG o.s.b.f.annotation.InjectionMetadata - Processing injected element of bean 'org.springframework.transaction.annotation.ProxyTransactionManagementConfiguration': AutowiredMethodElement for void org.springframework.transaction.annotation.AbstractTransactionManagementConfiguration.setConfigurers(java.util.Collection)
15:32:23.074 [main] DEBUG o.s.b.f.s.DefaultListableBeanFactory - Returning cached instance of singleton bean 'org.springframework.context.annotation.ConfigurationClassPostProcessor.importRegistry'
15:32:23.074 [main] DEBUG o.s.a.f.a.BeanFactoryAdvisorRetrievalHelper - Skipping currently created advisor 'org.springframework.transaction.config.internalTransactionAdvisor'
15:32:23.075 [main] DEBUG o.s.b.f.s.DefaultListableBeanFactory - Finished creating instance of bean 'org.springframework.transaction.annotation.ProxyTransactionManagementConfiguration'
15:32:23.087 [main] DEBUG o.s.b.f.s.DefaultListableBeanFactory - Creating shared instance of singleton bean 'transactionAttributeSource'
15:32:23.087 [main] DEBUG o.s.b.f.s.DefaultListableBeanFactory - Creating instance of bean 'transactionAttributeSource'
15:32:23.088 [main] DEBUG o.s.b.f.s.DefaultListableBeanFactory - Returning cached instance of singleton bean 'org.springframework.transaction.annotation.ProxyTransactionManagementConfiguration'
15:32:23.088 [main] DEBUG o.s.b.f.s.DefaultListableBeanFactory - Eagerly caching bean 'transactionAttributeSource' to allow for resolving potential circular references
15:32:23.090 [main] DEBUG o.s.a.f.a.BeanFactoryAdvisorRetrievalHelper - Skipping currently created advisor 'org.springframework.transaction.config.internalTransactionAdvisor'
15:32:23.090 [main] DEBUG o.s.b.f.s.DefaultListableBeanFactory - Finished creating instance of bean 'transactionAttributeSource'
15:32:23.091 [main] DEBUG o.s.b.f.s.DefaultListableBeanFactory - Creating shared instance of singleton bean 'transactionInterceptor'
15:32:23.091 [main] DEBUG o.s.b.f.s.DefaultListableBeanFactory - Creating instance of bean 'transactionInterceptor'
15:32:23.091 [main] DEBUG o.s.b.f.s.DefaultListableBeanFactory - Returning cached instance of singleton bean 'org.springframework.transaction.annotation.ProxyTransactionManagementConfiguration'
15:32:23.093 [main] DEBUG o.s.b.f.s.DefaultListableBeanFactory - Returning cached instance of singleton bean 'transactionAttributeSource'
15:32:23.094 [main] DEBUG o.s.b.f.s.DefaultListableBeanFactory - Eagerly caching bean 'transactionInterceptor' to allow for resolving potential circular references
15:32:23.097 [main] DEBUG o.s.b.f.s.DefaultListableBeanFactory - Invoking afterPropertiesSet() on bean with name 'transactionInterceptor'
15:32:23.097 [main] DEBUG o.s.b.f.s.DefaultListableBeanFactory - Finished creating instance of bean 'transactionInterceptor'
15:32:23.098 [main] DEBUG o.s.b.f.s.DefaultListableBeanFactory - Eagerly caching bean 'org.springframework.transaction.config.internalTransactionAdvisor' to allow for resolving potential circular references
15:32:23.101 [main] DEBUG o.s.b.f.s.DefaultListableBeanFactory - Finished creating instance of bean 'org.springframework.transaction.config.internalTransactionAdvisor'
15:32:23.104 [main] DEBUG o.s.b.f.s.DefaultListableBeanFactory - Finished creating instance of bean 'springPersistenceConfig'
15:32:23.112 [main] DEBUG o.s.b.f.s.DefaultListableBeanFactory - Creating shared instance of singleton bean 'dataSource'
15:32:23.112 [main] DEBUG o.s.b.f.s.DefaultListableBeanFactory - Creating instance of bean 'dataSource'
15:32:23.112 [main] DEBUG o.s.b.f.s.DefaultListableBeanFactory - Returning cached instance of singleton bean 'springPersistenceConfig'
15:32:23.118 [main] DEBUG o.s.b.f.s.DefaultListableBeanFactory - Eagerly caching bean 'dataSource' to allow for resolving potential circular references
15:32:23.124 [main] DEBUG o.s.b.f.s.DefaultListableBeanFactory - Returning cached instance of singleton bean 'org.springframework.transaction.config.internalTransactionAdvisor'
15:32:23.125 [main] DEBUG o.s.b.f.s.DefaultListableBeanFactory - Finished creating instance of bean 'dataSource'
15:32:23.126 [main] DEBUG o.s.b.f.s.DefaultListableBeanFactory - Creating shared instance of singleton bean 'jpaVendorAdapter'
15:32:23.126 [main] DEBUG o.s.b.f.s.DefaultListableBeanFactory - Creating instance of bean 'jpaVendorAdapter'
15:32:23.126 [main] DEBUG o.s.b.f.s.DefaultListableBeanFactory - Returning cached instance of singleton bean 'springPersistenceConfig'
15:32:23.159 [main] DEBUG org.jboss.logging - Logging Provider: org.jboss.logging.Slf4jLoggerProvider
15:32:23.160 [main] DEBUG o.s.b.f.s.DefaultListableBeanFactory - Eagerly caching bean 'jpaVendorAdapter' to allow for resolving potential circular references
15:32:23.163 [main] DEBUG o.s.b.f.s.DefaultListableBeanFactory - Returning cached instance of singleton bean 'org.springframework.transaction.config.internalTransactionAdvisor'
15:32:23.163 [main] DEBUG o.s.b.f.s.DefaultListableBeanFactory - Finished creating instance of bean 'jpaVendorAdapter'
15:32:23.165 [main] DEBUG o.s.b.f.s.DefaultListableBeanFactory - Eagerly caching bean 'entityManagerFactory' to allow for resolving potential circular references
15:32:23.173 [main] DEBUG o.s.b.f.s.DefaultListableBeanFactory - Invoking afterPropertiesSet() on bean with name 'entityManagerFactory'
15:32:23.177 [main] DEBUG o.s.c.i.s.PathMatchingResourcePatternResolver - Resolved classpath location [META-INF/persistence.xml] to resources []
15:32:23.178 [main] DEBUG o.s.c.i.s.PathMatchingResourcePatternResolver - Resolved classpath location [com/excilys/formation/] to resources [URL [file:/home/excilys/workspace/computer-database/persistence/target/test-classes/com/excilys/formation/], URL [file:/home/excilys/workspace/computer-database/persistence/target/classes/com/excilys/formation/], URL [file:/home/excilys/workspace/computer-database/core/target/classes/com/excilys/formation/]]
15:32:23.178 [main] DEBUG o.s.c.i.s.PathMatchingResourcePatternResolver - Looking for matching resources in directory tree [/home/excilys/workspace/computer-database/persistence/target/test-classes/com/excilys/formation]
15:32:23.178 [main] DEBUG o.s.c.i.s.PathMatchingResourcePatternResolver - Searching directory [/home/excilys/workspace/computer-database/persistence/target/test-classes/com/excilys/formation] for files matching pattern [/home/excilys/workspace/computer-database/persistence/target/test-classes/com/excilys/formation/**/*.class]
15:32:23.178 [main] DEBUG o.s.c.i.s.PathMatchingResourcePatternResolver - Searching directory [/home/excilys/workspace/computer-database/persistence/target/test-classes/com/excilys/formation/persistence] for files matching pattern [/home/excilys/workspace/computer-database/persistence/target/test-classes/com/excilys/formation/**/*.class]
15:32:23.178 [main] DEBUG o.s.c.i.s.PathMatchingResourcePatternResolver - Searching directory [/home/excilys/workspace/computer-database/persistence/target/test-classes/com/excilys/formation/persistence/computerdao] for files matching pattern [/home/excilys/workspace/computer-database/persistence/target/test-classes/com/excilys/formation/**/*.class]
15:32:23.178 [main] DEBUG o.s.c.i.s.PathMatchingResourcePatternResolver - Searching directory [/home/excilys/workspace/computer-database/persistence/target/test-classes/com/excilys/formation/persistence/computerdao/computerdaoimpl] for files matching pattern [/home/excilys/workspace/computer-database/persistence/target/test-classes/com/excilys/formation/**/*.class]
[...]
15:32:24.663 [main] DEBUG org.dbunit.util.QualifiedTableName - getQualifiedNameIfEnabled(config=org.dbunit.database.DatabaseConfig[, _propertyMap={http://www.dbunit.org/features/qualifiedTableNames=false, http://www.dbunit.org/properties/tableType=[Ljava.lang.String;@22752544, http://www.dbunit.org/properties/batchSize=100, http://www.dbunit.org/properties/statementFactory=org.dbunit.database.statement.PreparedStatementFactory@21ba2445, http://www.dbunit.org/features/batchedStatements=false, http://www.dbunit.org/features/caseSensitiveTableNames=false, http://www.dbunit.org/features/allowEmptyFields=false, http://www.dbunit.org/properties/datatypeFactory=org.dbunit.dataset.datatype.DefaultDataTypeFactory[_toleratedDeltaMap=org.dbunit.dataset.datatype.ToleratedDeltaMap@69d23296], http://www.dbunit.org/properties/metadataHandler=org.dbunit.database.DefaultMetadataHandler@3c3820bb, http://www.dbunit.org/properties/fetchSize=100, http://www.dbunit.org/properties/resultSetTableFactory=org.dbunit.database.CachedResultSetTableFactory@376c7d7d, http://www.dbunit.org/features/datatypeWarning=true, http://www.dbunit.org/properties/escapePattern=null}]) - start
15:32:24.663 [main] DEBUG org.dbunit.util.QualifiedTableName - Qualified table names feature is disabled. Returning plain table name
15:32:24.663 [main] DEBUG org.dbunit.util.QualifiedTableName - getQualifiedName(prefix=null, name=role, escapePattern=null) - start
15:32:24.663 [main] DEBUG o.dbunit.dataset.OrderedTableNameMap - add(tableName=role, object=null) - start
15:32:24.663 [main] DEBUG o.dbunit.dataset.OrderedTableNameMap - getTableName(tableName=role) - start
15:32:24.663 [main] DEBUG o.dbunit.dataset.OrderedTableNameMap - getTableName(tableName=role) - end - result=ROLE
15:32:24.663 [main] DEBUG o.dbunit.dataset.OrderedTableNameMap - getTableName(tableName=ROLE) - start
15:32:24.663 [main] DEBUG o.dbunit.dataset.OrderedTableNameMap - getTableName(tableName=ROLE) - end - result=ROLE
15:32:24.663 [main] DEBUG org.dbunit.util.QualifiedTableName - getQualifiedNameIfEnabled(config=org.dbunit.database.DatabaseConfig[, _propertyMap={http://www.dbunit.org/features/qualifiedTableNames=false, http://www.dbunit.org/properties/tableType=[Ljava.lang.String;@22752544, http://www.dbunit.org/properties/batchSize=100, http://www.dbunit.org/properties/statementFactory=org.dbunit.database.statement.PreparedStatementFactory@21ba2445, http://www.dbunit.org/features/batchedStatements=false, http://www.dbunit.org/features/caseSensitiveTableNames=false, http://www.dbunit.org/features/allowEmptyFields=false, http://www.dbunit.org/properties/datatypeFactory=org.dbunit.dataset.datatype.DefaultDataTypeFactory[_toleratedDeltaMap=org.dbunit.dataset.datatype.ToleratedDeltaMap@69d23296], http://www.dbunit.org/properties/metadataHandler=org.dbunit.database.DefaultMetadataHandler@3c3820bb, http://www.dbunit.org/properties/fetchSize=100, http://www.dbunit.org/properties/resultSetTableFactory=org.dbunit.database.CachedResultSetTableFactory@376c7d7d, http://www.dbunit.org/features/datatypeWarning=true, http://www.dbunit.org/properties/escapePattern=null}]) - start
15:32:24.663 [main] DEBUG org.dbunit.util.QualifiedTableName - Qualified table names feature is disabled. Returning plain table name
15:32:24.663 [main] DEBUG org.dbunit.util.QualifiedTableName - getQualifiedName(prefix=null, name=user, escapePattern=null) - start
15:32:24.663 [main] DEBUG o.dbunit.dataset.OrderedTableNameMap - add(tableName=user, object=null) - start
15:32:24.663 [main] DEBUG o.dbunit.dataset.OrderedTableNameMap - getTableName(tableName=user) - start
15:32:24.663 [main] DEBUG o.dbunit.dataset.OrderedTableNameMap - getTableName(tableName=user) - end - result=USER
15:32:24.663 [main] DEBUG o.dbunit.dataset.OrderedTableNameMap - getTableName(tableName=USER) - start
15:32:24.663 [main] DEBUG o.dbunit.dataset.OrderedTableNameMap - getTableName(tableName=USER) - end - result=USER
15:32:24.663 [main] DEBUG org.dbunit.util.QualifiedTableName - getQualifiedNameIfEnabled(config=org.dbunit.database.DatabaseConfig[, _propertyMap={http://www.dbunit.org/features/qualifiedTableNames=false, http://www.dbunit.org/properties/tableType=[Ljava.lang.String;@22752544, http://www.dbunit.org/properties/batchSize=100, http://www.dbunit.org/properties/statementFactory=org.dbunit.database.statement.PreparedStatementFactory@21ba2445, http://www.dbunit.org/features/batchedStatements=false, http://www.dbunit.org/features/caseSensitiveTableNames=false, http://www.dbunit.org/features/allowEmptyFields=false, http://www.dbunit.org/properties/datatypeFactory=org.dbunit.dataset.datatype.DefaultDataTypeFactory[_toleratedDeltaMap=org.dbunit.dataset.datatype.ToleratedDeltaMap@69d23296], http://www.dbunit.org/properties/metadataHandler=org.dbunit.database.DefaultMetadataHandler@3c3820bb, http://www.dbunit.org/properties/fetchSize=100, http://www.dbunit.org/properties/resultSetTableFactory=org.dbunit.database.CachedResultSetTableFactory@376c7d7d, http://www.dbunit.org/features/datatypeWarning=true, http://www.dbunit.org/properties/escapePattern=null}]) - start
15:32:24.663 [main] DEBUG org.dbunit.util.QualifiedTableName - Qualified table names feature is disabled. Returning plain table name
15:32:24.664 [main] DEBUG org.dbunit.util.QualifiedTableName - getQualifiedName(prefix=null, name=user_roles, escapePattern=null) - start
15:32:24.664 [main] DEBUG o.dbunit.dataset.OrderedTableNameMap - add(tableName=user_roles, object=null) - start
15:32:24.664 [main] DEBUG o.dbunit.dataset.OrderedTableNameMap - getTableName(tableName=user_roles) - start
15:32:24.664 [main] DEBUG o.dbunit.dataset.OrderedTableNameMap - getTableName(tableName=user_roles) - end - result=USER_ROLES
15:32:24.664 [main] DEBUG o.dbunit.dataset.OrderedTableNameMap - getTableName(tableName=USER_ROLES) - start
15:32:24.664 [main] DEBUG o.dbunit.dataset.OrderedTableNameMap - getTableName(tableName=USER_ROLES) - end - result=USER_ROLES
15:32:24.664 [main] DEBUG o.dbunit.dataset.OrderedTableNameMap - getTableName(tableName=computer) - start
15:32:24.664 [main] DEBUG o.dbunit.dataset.OrderedTableNameMap - getTableName(tableName=computer) - end - result=COMPUTER
15:32:24.664 [main] DEBUG o.dbunit.dataset.OrderedTableNameMap - getTableName(tableName=computer) - start
15:32:24.664 [main] DEBUG o.dbunit.dataset.OrderedTableNameMap - getTableName(tableName=computer) - end - result=COMPUTER
15:32:24.664 [main] DEBUG o.d.d.DatabaseDataSourceConnection - getConnection() - start
15:32:24.664 [main] DEBUG org.dbunit.util.SQLHelper - isEscaped returns 'false' for tableName=computer (dbIdentifierQuoteString=`)
15:32:24.664 [main] DEBUG org.dbunit.util.SQLHelper - Database does not store upperCase or lowerCase identifiers. Will not correct case of the table names.
15:32:24.664 [main] DEBUG o.d.database.DatabaseTableMetaData - Validating if table 'computer' exists in schema 'null' ...
15:32:24.666 [main] DEBUG org.dbunit.util.SQLHelper - close(resultSet=com.mysql.cj.jdbc.result.ResultSetImpl@503df2d0) - start
15:32:24.666 [main] DEBUG o.dbunit.dataset.OrderedTableNameMap - update(tableName=computer, object=org.dbunit.database.DatabaseTableMetaData@11c3ff67) - start
15:32:24.675 [main] DEBUG o.dbunit.dataset.OrderedTableNameMap - getTableName(tableName=computer) - start
15:32:24.675 [main] DEBUG o.dbunit.dataset.OrderedTableNameMap - getTableName(tableName=computer) - end - result=COMPUTER
15:32:24.675 [main] DEBUG o.dbunit.dataset.OrderedTableNameMap - getTableName(tableName=computer) - start
15:32:24.675 [main] DEBUG o.dbunit.dataset.OrderedTableNameMap - getTableName(tableName=computer) - end - result=COMPUTER
15:32:24.675 [main] DEBUG o.dbunit.operation.AbstractOperation - getQualifiedName(prefix=null, name=computer, connection=_databaseConfig=org.dbunit.database.DatabaseConfig[, _propertyMap={http://www.dbunit.org/features/qualifiedTableNames=false, http://www.dbunit.org/properties/tableType=[Ljava.lang.String;@22752544, http://www.dbunit.org/properties/batchSize=100, http://www.dbunit.org/properties/statementFactory=org.dbunit.database.statement.PreparedStatementFactory@21ba2445, http://www.dbunit.org/features/batchedStatements=false, http://www.dbunit.org/features/caseSensitiveTableNames=false, http://www.dbunit.org/features/allowEmptyFields=false, http://www.dbunit.org/properties/datatypeFactory=org.dbunit.dataset.datatype.DefaultDataTypeFactory[_toleratedDeltaMap=org.dbunit.dataset.datatype.ToleratedDeltaMap@69d23296], http://www.dbunit.org/properties/metadataHandler=org.dbunit.database.DefaultMetadataHandler@3c3820bb, http://www.dbunit.org/properties/fetchSize=100, http://www.dbunit.org/properties/resultSetTableFactory=org.dbunit.database.CachedResultSetTableFactory@376c7d7d, http://www.dbunit.org/features/datatypeWarning=true, http://www.dbunit.org/properties/escapePattern=null}], _dataSet=AbstractDataSet[_orderedTableNameMap=null]) - start
15:32:24.675 [main] DEBUG org.dbunit.util.QualifiedTableName - getQualifiedName() - start
15:32:24.675 [main] DEBUG org.dbunit.util.QualifiedTableName - getQualifiedName(prefix=null, name=computer, escapePattern=null) - start
15:32:24.675 [main] DEBUG o.d.d.statement.SimpleStatement - addBatch(sql=delete from computer) - start
15:32:24.675 [main] DEBUG o.d.operation.DeleteAllOperation - Added SQL: delete from computer
15:32:24.676 [main] DEBUG o.d.d.statement.SimpleStatement - executeBatch() - start
15:32:24.676 [main] DEBUG o.d.d.statement.SimpleStatement - DbUnit SQL: delete from computer
15:32:24.691 [main] DEBUG o.d.d.statement.SimpleStatement - clearBatch() - start
15:32:24.691 [main] DEBUG o.d.d.s.AbstractBatchStatement - close() - start
15:32:24.691 [main] DEBUG o.d.operation.AbstractBatchOperation - execute(connection=_databaseConfig=org.dbunit.database.DatabaseConfig[, _propertyMap={http://www.dbunit.org/features/qualifiedTableNames=false, http://www.dbunit.org/properties/tableType=[Ljava.lang.String;@22752544, http://www.dbunit.org/properties/batchSize=100, http://www.dbunit.org/properties/statementFactory=org.dbunit.database.statement.PreparedStatementFactory@21ba2445, http://www.dbunit.org/features/batchedStatements=false, http://www.dbunit.org/features/caseSensitiveTableNames=false, http://www.dbunit.org/features/allowEmptyFields=false, http://www.dbunit.org/properties/datatypeFactory=org.dbunit.dataset.datatype.DefaultDataTypeFactory[_toleratedDeltaMap=org.dbunit.dataset.datatype.ToleratedDeltaMap@69d23296], http://www.dbunit.org/properties/metadataHandler=org.dbunit.database.DefaultMetadataHandler@3c3820bb, http://www.dbunit.org/properties/fetchSize=100, http://www.dbunit.org/properties/resultSetTableFactory=org.dbunit.database.CachedResultSetTableFactory@376c7d7d, http://www.dbunit.org/features/datatypeWarning=true, http://www.dbunit.org/properties/escapePattern=null}], _dataSet=AbstractDataSet[_orderedTableNameMap=null], dataSet=AbstractDataSet[_orderedTableNameMap=null]) - start
15:32:24.691 [main] DEBUG org.dbunit.dataset.AbstractDataSet - iterator() - start
15:32:24.691 [main] DEBUG org.dbunit.dataset.CompositeDataSet - createIterator(reversed=false) - start
15:32:24.691 [main] DEBUG o.d.dataset.DefaultTableIterator - getTable() - start
15:32:24.691 [main] DEBUG o.d.operation.AbstractBatchOperation - isEmpty(table=org.dbunit.dataset.DefaultTable[_metaData=tableName=computer, columns=[(id, UNKNOWN, nullableUnknown), (name, UNKNOWN, nullableUnknown), (introduced, UNKNOWN, nullableUnknown), (discontinued, UNKNOWN, nullableUnknown), (companyId, UNKNOWN, nullableUnknown)], keys=[], _rowList.size()=2]) - start
15:32:24.692 [main] DEBUG org.dbunit.dataset.DefaultTable - getValue(row=0, column=id) - start
15:32:24.692 [main] DEBUG org.dbunit.dataset.AbstractTable - assertValidRowIndex(row=0) - start
15:32:24.692 [main] DEBUG org.dbunit.dataset.AbstractTable - assertValidRowIndex(row=0, rowCount=2) - start
15:32:24.692 [main] DEBUG org.dbunit.dataset.AbstractTable - getColumnIndex(columnName=id) - start
15:32:24.692 [main] DEBUG o.d.dataset.AbstractTableMetaData - getColumnIndex(columnName=id) - start
15:32:24.692 [main] DEBUG o.dbunit.operation.AbstractOperation - getOperationMetaData(connection=_databaseConfig=org.dbunit.database.DatabaseConfig[, _propertyMap={http://www.dbunit.org/features/qualifiedTableNames=false, http://www.dbunit.org/properties/tableType=[Ljava.lang.String;@22752544, http://www.dbunit.org/properties/batchSize=100, http://www.dbunit.org/properties/statementFactory=org.dbunit.database.statement.PreparedStatementFactory@21ba2445, http://www.dbunit.org/features/batchedStatements=false, http://www.dbunit.org/features/caseSensitiveTableNames=false, http://www.dbunit.org/features/allowEmptyFields=false, http://www.dbunit.org/properties/datatypeFactory=org.dbunit.dataset.datatype.DefaultDataTypeFactory[_toleratedDeltaMap=org.dbunit.dataset.datatype.ToleratedDeltaMap@69d23296], http://www.dbunit.org/properties/metadataHandler=org.dbunit.database.DefaultMetadataHandler@3c3820bb, http://www.dbunit.org/properties/fetchSize=100, http://www.dbunit.org/properties/resultSetTableFactory=org.dbunit.database.CachedResultSetTableFactory@376c7d7d, http://www.dbunit.org/features/datatypeWarning=true, http://www.dbunit.org/properties/escapePattern=null}], _dataSet=AbstractDataSet[_orderedTableNameMap=null], metaData=tableName=computer, columns=[(id, UNKNOWN, nullableUnknown), (name, UNKNOWN, nullableUnknown), (introduced, UNKNOWN, nullableUnknown), (discontinued, UNKNOWN, nullableUnknown), (companyId, UNKNOWN, nullableUnknown)], keys=[]) - start
15:32:24.692 [main] DEBUG o.d.d.AbstractDatabaseConnection - createDataSet() - start
15:32:24.692 [main] DEBUG org.dbunit.database.DatabaseDataSet - getTableMetaData(tableName=computer) - start
15:32:24.692 [main] DEBUG org.dbunit.database.DatabaseDataSet - initialize() - start
15:32:24.692 [main] DEBUG o.dbunit.dataset.OrderedTableNameMap - getTableName(tableName=computer) - start
15:32:24.692 [main] DEBUG o.dbunit.dataset.OrderedTableNameMap - getTableName(tableName=computer) - end - result=COMPUTER
15:32:24.692 [main] DEBUG o.dbunit.dataset.OrderedTableNameMap - getTableName(tableName=computer) - start
15:32:24.692 [main] DEBUG o.dbunit.dataset.OrderedTableNameMap - getTableName(tableName=computer) - end - result=COMPUTER
15:32:24.692 [main] DEBUG o.d.dataset.AbstractTableMetaData - getColumnIndex(columnName=id) - start
15:32:24.692 [main] DEBUG o.d.database.DatabaseTableMetaData - getColumns() - start
15:32:24.692 [main] DEBUG o.d.database.DatabaseTableMetaData - getColumns() - start
15:32:24.692 [main] DEBUG o.d.dataset.AbstractTableMetaData - getColumnIndex(columnName=name) - start
15:32:24.692 [main] DEBUG o.d.database.DatabaseTableMetaData - getColumns() - start
15:32:24.692 [main] DEBUG o.d.dataset.AbstractTableMetaData - getColumnIndex(columnName=introduced) - start
15:32:24.692 [main] DEBUG o.d.database.DatabaseTableMetaData - getColumns() - start
15:32:24.692 [main] DEBUG o.d.dataset.AbstractTableMetaData - getColumnIndex(columnName=discontinued) - start
15:32:24.692 [main] DEBUG o.d.database.DatabaseTableMetaData - getColumns() - start
15:32:24.692 [main] DEBUG o.d.dataset.AbstractTableMetaData - getColumnIndex(columnName=companyId) - start
15:32:24.692 [main] WARN  o.s.test.context.TestContextManager - Caught exception while allowing TestExecutionListener [com.github.springtestdbunit.DbUnitTestExecutionListener@289d1c02] to process 'before' execution of test method [public void com.excilys.formation.persistence.computerdao.computerdaoimpl.ComputerRepositoryTest.findById_ShouldReturnOneComputerEntry()] for test instance [com.excilys.formation.persistence.computerdao.computerdaoimpl.ComputerRepositoryTest@2eda0940]
org.dbunit.dataset.NoSuchColumnException: computer.COMPANYID -  (Non-uppercase input column: companyId) in ColumnNameToIndexes cache map. Note that the map's column names are NOT case sensitive.
	at org.dbunit.dataset.AbstractTableMetaData.getColumnIndex(AbstractTableMetaData.java:117) ~[dbunit-2.5.1.jar:na]
	at org.dbunit.operation.AbstractOperation.getOperationMetaData(AbstractOperation.java:89) ~[dbunit-2.5.1.jar:na]
	at org.dbunit.operation.AbstractBatchOperation.execute(AbstractBatchOperation.java:144) ~[dbunit-2.5.1.jar:na]
	at org.dbunit.operation.CompositeOperation.execute(CompositeOperation.java:79) ~[dbunit-2.5.1.jar:na]
	at com.github.springtestdbunit.DbUnitRunner.setupOrTeardown(DbUnitRunner.java:194) ~[spring-test-dbunit-1.2.1.jar:na]
	at com.github.springtestdbunit.DbUnitRunner.beforeTestMethod(DbUnitRunner.java:66) ~[spring-test-dbunit-1.2.1.jar:na]
	at com.github.springtestdbunit.DbUnitTestExecutionListener.beforeTestMethod(DbUnitTestExecutionListener.java:186) ~[spring-test-dbunit-1.2.1.jar:na]
	at org.springframework.test.context.TestContextManager.beforeTestMethod(TestContextManager.java:269) ~[spring-test-4.3.5.RELEASE.jar:4.3.5.RELEASE]
	at org.springframework.test.context.junit4.statements.RunBeforeTestMethodCallbacks.evaluate(RunBeforeTestMethodCallbacks.java:74) [spring-test-4.3.5.RELEASE.jar:4.3.5.RELEASE]
	at org.springframework.test.context.junit4.statements.RunAfterTestMethodCallbacks.evaluate(RunAfterTestMethodCallbacks.java:86) [spring-test-4.3.5.RELEASE.jar:4.3.5.RELEASE]
	at org.springframework.test.context.junit4.statements.SpringRepeat.evaluate(SpringRepeat.java:84) [spring-test-4.3.5.RELEASE.jar:4.3.5.RELEASE]
	at org.junit.runners.ParentRunner.runLeaf(ParentRunner.java:325) [junit-4.12.jar:4.12]
	at org.springframework.test.context.junit4.SpringJUnit4ClassRunner.runChild(SpringJUnit4ClassRunner.java:252) [spring-test-4.3.5.RELEASE.jar:4.3.5.RELEASE]
	at org.springframework.test.context.junit4.SpringJUnit4ClassRunner.runChild(SpringJUnit4ClassRunner.java:94) [spring-test-4.3.5.RELEASE.jar:4.3.5.RELEASE]
	at org.junit.runners.ParentRunner$3.run(ParentRunner.java:290) [junit-4.12.jar:4.12]
	at org.junit.runners.ParentRunner$1.schedule(ParentRunner.java:71) [junit-4.12.jar:4.12]
	at org.junit.runners.ParentRunner.runChildren(ParentRunner.java:288) [junit-4.12.jar:4.12]
	at org.junit.runners.ParentRunner.access$000(ParentRunner.java:58) [junit-4.12.jar:4.12]
	at org.junit.runners.ParentRunner$2.evaluate(ParentRunner.java:268) [junit-4.12.jar:4.12]
	at org.springframework.test.context.junit4.statements.RunBeforeTestClassCallbacks.evaluate(RunBeforeTestClassCallbacks.java:61) [spring-test-4.3.5.RELEASE.jar:4.3.5.RELEASE]
	at org.springframework.test.context.junit4.statements.RunAfterTestClassCallbacks.evaluate(RunAfterTestClassCallbacks.java:70) [spring-test-4.3.5.RELEASE.jar:4.3.5.RELEASE]
	at org.junit.runners.ParentRunner.run(ParentRunner.java:363) [junit-4.12.jar:4.12]
	at org.springframework.test.context.junit4.SpringJUnit4ClassRunner.run(SpringJUnit4ClassRunner.java:191) [spring-test-4.3.5.RELEASE.jar:4.3.5.RELEASE]
	at org.apache.maven.surefire.junit4.JUnit4Provider.execute(JUnit4Provider.java:264) [surefire-junit4-2.17.jar:2.17]
	at org.apache.maven.surefire.junit4.JUnit4Provider.executeTestSet(JUnit4Provider.java:153) [surefire-junit4-2.17.jar:2.17]
	at org.apache.maven.surefire.junit4.JUnit4Provider.invoke(JUnit4Provider.java:124) [surefire-junit4-2.17.jar:2.17]
	at org.apache.maven.surefire.booter.ForkedBooter.invokeProviderInSameClassLoader(ForkedBooter.java:200) [surefire-booter-2.17.jar:2.17]
	at org.apache.maven.surefire.booter.ForkedBooter.runSuitesInProcess(ForkedBooter.java:153) [surefire-booter-2.17.jar:2.17]
	at org.apache.maven.surefire.booter.ForkedBooter.main(ForkedBooter.java:103) [surefire-booter-2.17.jar:2.17]
15:32:24.693 [main] DEBUG c.g.s.DbUnitTestExecutionListener - Skipping @DatabaseTest expectation due to test exception class org.dbunit.dataset.NoSuchColumnException
15:32:24.693 [main] DEBUG o.d.d.DatabaseDataSourceConnection - close() - start
15:32:24.693 [main] DEBUG o.s.jdbc.datasource.DataSourceUtils - Returning JDBC Connection to DataSource
]]></system-out>
  </testcase>
</testsuite>